<?xml version="1.0" encoding="UTF-8"?>
<testsuite name="tests.ContactCreationTests" tests="13" skipped="0" failures="12" errors="0" timestamp="2023-11-09T08:30:47" hostname="DESKTOP-23VK9RO" time="21.854">
  <properties/>
  <testcase name="[1] ContactData[id=, name=, lastname=, phone=]" classname="tests.ContactCreationTests" time="5.034"/>
  <testcase name="[2] ContactData[id=, name=, lastname=, phone=contact phone]" classname="tests.ContactCreationTests" time="3.101">
    <failure message="org.opentest4j.AssertionFailedError: expected: &lt;[ContactData[id=429, name=, lastname=, phone=], ContactData[id=430, name=contactphone, lastname=, phone=], ContactData[id=431, name=contact lastname, lastname=, phone=], ContactData[id=432, name=contact lastname contactphone, lastname=, phone=], ContactData[id=433, name=contact name, lastname=, phone=], ContactData[id=434, name=contact name contactphone, lastname=, phone=], ContactData[id=435, name=contact lastname contact name, lastname=, phone=], ContactData[id=436, name=contact lastname contact name contactphone, lastname=, phone=], ContactData[id=437, name=, lastname=, phone=], ContactData[id=438, name=fnwmzrekoi wdusvwmfdh ssxyljdote, lastname=, phone=], ContactData[id=439, name=hzpnjsbtquaqyksbbzgq czmohjzilaicrhoycpab tlfynkdmjywzftrgpbiy, lastname=, phone=], ContactData[id=440, name=yxdtjstqgsfsacdhgcsbuphrmvrrfx jlldngogdvnndqzmpfsyawoltuzlcu uopykotsdbwkqahjxalbkktdjjfpag, lastname=, phone=], ContactData[id=441, name=phrsqqfstswzobypalqpbbwdpmetcrdunjttizyh udgvzktolhrxkuwndjepoxtdfdcpciyzwrmdvzyk rtkynphyuxdrsvzwxqqvxcxhfqytfpqvblkkrffj, lastname=, phone=], ContactData[id=442, name=, lastname=, phone=], ContactData[id=443, name=, lastname=, phone=], ContactData[id=444, name=contactphone, lastname=, phone=], ContactData[id=445, name=contact lastname, lastname=, phone=], ContactData[id=446, name=contact lastname contactphone, lastname=, phone=], ContactData[id=447, name=contact name, lastname=, phone=], ContactData[id=448, name=contact name contactphone, lastname=, phone=], ContactData[id=449, name=contact lastname contact name, lastname=, phone=], ContactData[id=450, name=contact lastname contact name contactphone, lastname=, phone=], ContactData[id=451, name=, lastname=, phone=], ContactData[id=452, name=slfrhrjqqa cmtbrqwppj tvvcvynadw, lastname=, phone=], ContactData[id=453, name=arxszftxwvwmakaqpcyq rukjieseojvvumdwdfrl eyqvdbntvhdpcdzmehxr, lastname=, phone=], ContactData[id=454, name=aauynqjcgebssbtsurwosjasvcwouv vrqrgqvkqucpeiqphbqzllfhtwygwv ktorynpbibzysexolyfralffxuxvtt, lastname=, phone=], ContactData[id=455, name=gwozrkajmlsxlbohzyauxgidekccqfeqtjvkkmjp nvdhdlijgfdusuzwgsamvxadwvvstvgzczhdkepa rmpkkpdsmucmyyhvrhtservrfykmflzoaydxhjvz, lastname=, phone=], ContactData[id=456, name=, lastname=, phone=], ContactData[id=457, name=contactphone, lastname=, phone=], ContactData[id=458, name=, lastname=, phone=], ContactData[id=459, name=contactphone, lastname=, phone=]]&gt; but was: &lt;[ContactData[id=429, name=, lastname=, phone=], ContactData[id=430, name=contactphone, lastname=, phone=], ContactData[id=431, name=contact lastname, lastname=, phone=], ContactData[id=432, name=contact lastname contactphone, lastname=, phone=], ContactData[id=433, name=contact name, lastname=, phone=], ContactData[id=434, name=contact name contactphone, lastname=, phone=], ContactData[id=435, name=contact lastname contact name, lastname=, phone=], ContactData[id=436, name=contact lastname contact name contactphone, lastname=, phone=], ContactData[id=437, name=, lastname=, phone=], ContactData[id=438, name=fnwmzrekoi wdusvwmfdh ssxyljdote, lastname=, phone=], ContactData[id=439, name=hzpnjsbtquaqyksbbzgq czmohjzilaicrhoycpab tlfynkdmjywzftrgpbiy, lastname=, phone=], ContactData[id=440, name=yxdtjstqgsfsacdhgcsbuphrmvrrfx jlldngogdvnndqzmpfsyawoltuzlcu uopykotsdbwkqahjxalbkktdjjfpag, lastname=, phone=], ContactData[id=441, name=phrsqqfstswzobypalqpbbwdpmetcrdunjttizyh udgvzktolhrxkuwndjepoxtdfdcpciyzwrmdvzyk rtkynphyuxdrsvzwxqqvxcxhfqytfpqvblkkrffj, lastname=, phone=], ContactData[id=442, name=, lastname=, phone=], ContactData[id=443, name=, lastname=, phone=], ContactData[id=444, name=contactphone, lastname=, phone=], ContactData[id=445, name=contact lastname, lastname=, phone=], ContactData[id=446, name=contact lastname contactphone, lastname=, phone=], ContactData[id=447, name=contact name, lastname=, phone=], ContactData[id=448, name=contact name contactphone, lastname=, phone=], ContactData[id=449, name=contact lastname contact name, lastname=, phone=], ContactData[id=450, name=contact lastname contact name contactphone, lastname=, phone=], ContactData[id=451, name=, lastname=, phone=], ContactData[id=452, name=slfrhrjqqa cmtbrqwppj tvvcvynadw, lastname=, phone=], ContactData[id=453, name=arxszftxwvwmakaqpcyq rukjieseojvvumdwdfrl eyqvdbntvhdpcdzmehxr, lastname=, phone=], ContactData[id=454, name=aauynqjcgebssbtsurwosjasvcwouv vrqrgqvkqucpeiqphbqzllfhtwygwv ktorynpbibzysexolyfralffxuxvtt, lastname=, phone=], ContactData[id=455, name=gwozrkajmlsxlbohzyauxgidekccqfeqtjvkkmjp nvdhdlijgfdusuzwgsamvxadwvvstvgzczhdkepa rmpkkpdsmucmyyhvrhtservrfykmflzoaydxhjvz, lastname=, phone=], ContactData[id=456, name=, lastname=, phone=], ContactData[id=457, name=contactphone, lastname=, phone=], ContactData[id=458, name=, lastname=, phone=], ContactData[id=459, name=, lastname=, phone=]]&gt;" type="org.opentest4j.AssertionFailedError">org.opentest4j.AssertionFailedError: expected: &lt;[ContactData[id=429, name=, lastname=, phone=], ContactData[id=430, name=contactphone, lastname=, phone=], ContactData[id=431, name=contact lastname, lastname=, phone=], ContactData[id=432, name=contact lastname contactphone, lastname=, phone=], ContactData[id=433, name=contact name, lastname=, phone=], ContactData[id=434, name=contact name contactphone, lastname=, phone=], ContactData[id=435, name=contact lastname contact name, lastname=, phone=], ContactData[id=436, name=contact lastname contact name contactphone, lastname=, phone=], ContactData[id=437, name=, lastname=, phone=], ContactData[id=438, name=fnwmzrekoi wdusvwmfdh ssxyljdote, lastname=, phone=], ContactData[id=439, name=hzpnjsbtquaqyksbbzgq czmohjzilaicrhoycpab tlfynkdmjywzftrgpbiy, lastname=, phone=], ContactData[id=440, name=yxdtjstqgsfsacdhgcsbuphrmvrrfx jlldngogdvnndqzmpfsyawoltuzlcu uopykotsdbwkqahjxalbkktdjjfpag, lastname=, phone=], ContactData[id=441, name=phrsqqfstswzobypalqpbbwdpmetcrdunjttizyh udgvzktolhrxkuwndjepoxtdfdcpciyzwrmdvzyk rtkynphyuxdrsvzwxqqvxcxhfqytfpqvblkkrffj, lastname=, phone=], ContactData[id=442, name=, lastname=, phone=], ContactData[id=443, name=, lastname=, phone=], ContactData[id=444, name=contactphone, lastname=, phone=], ContactData[id=445, name=contact lastname, lastname=, phone=], ContactData[id=446, name=contact lastname contactphone, lastname=, phone=], ContactData[id=447, name=contact name, lastname=, phone=], ContactData[id=448, name=contact name contactphone, lastname=, phone=], ContactData[id=449, name=contact lastname contact name, lastname=, phone=], ContactData[id=450, name=contact lastname contact name contactphone, lastname=, phone=], ContactData[id=451, name=, lastname=, phone=], ContactData[id=452, name=slfrhrjqqa cmtbrqwppj tvvcvynadw, lastname=, phone=], ContactData[id=453, name=arxszftxwvwmakaqpcyq rukjieseojvvumdwdfrl eyqvdbntvhdpcdzmehxr, lastname=, phone=], ContactData[id=454, name=aauynqjcgebssbtsurwosjasvcwouv vrqrgqvkqucpeiqphbqzllfhtwygwv ktorynpbibzysexolyfralffxuxvtt, lastname=, phone=], ContactData[id=455, name=gwozrkajmlsxlbohzyauxgidekccqfeqtjvkkmjp nvdhdlijgfdusuzwgsamvxadwvvstvgzczhdkepa rmpkkpdsmucmyyhvrhtservrfykmflzoaydxhjvz, lastname=, phone=], ContactData[id=456, name=, lastname=, phone=], ContactData[id=457, name=contactphone, lastname=, phone=], ContactData[id=458, name=, lastname=, phone=], ContactData[id=459, name=contactphone, lastname=, phone=]]&gt; but was: &lt;[ContactData[id=429, name=, lastname=, phone=], ContactData[id=430, name=contactphone, lastname=, phone=], ContactData[id=431, name=contact lastname, lastname=, phone=], ContactData[id=432, name=contact lastname contactphone, lastname=, phone=], ContactData[id=433, name=contact name, lastname=, phone=], ContactData[id=434, name=contact name contactphone, lastname=, phone=], ContactData[id=435, name=contact lastname contact name, lastname=, phone=], ContactData[id=436, name=contact lastname contact name contactphone, lastname=, phone=], ContactData[id=437, name=, lastname=, phone=], ContactData[id=438, name=fnwmzrekoi wdusvwmfdh ssxyljdote, lastname=, phone=], ContactData[id=439, name=hzpnjsbtquaqyksbbzgq czmohjzilaicrhoycpab tlfynkdmjywzftrgpbiy, lastname=, phone=], ContactData[id=440, name=yxdtjstqgsfsacdhgcsbuphrmvrrfx jlldngogdvnndqzmpfsyawoltuzlcu uopykotsdbwkqahjxalbkktdjjfpag, lastname=, phone=], ContactData[id=441, name=phrsqqfstswzobypalqpbbwdpmetcrdunjttizyh udgvzktolhrxkuwndjepoxtdfdcpciyzwrmdvzyk rtkynphyuxdrsvzwxqqvxcxhfqytfpqvblkkrffj, lastname=, phone=], ContactData[id=442, name=, lastname=, phone=], ContactData[id=443, name=, lastname=, phone=], ContactData[id=444, name=contactphone, lastname=, phone=], ContactData[id=445, name=contact lastname, lastname=, phone=], ContactData[id=446, name=contact lastname contactphone, lastname=, phone=], ContactData[id=447, name=contact name, lastname=, phone=], ContactData[id=448, name=contact name contactphone, lastname=, phone=], ContactData[id=449, name=contact lastname contact name, lastname=, phone=], ContactData[id=450, name=contact lastname contact name contactphone, lastname=, phone=], ContactData[id=451, name=, lastname=, phone=], ContactData[id=452, name=slfrhrjqqa cmtbrqwppj tvvcvynadw, lastname=, phone=], ContactData[id=453, name=arxszftxwvwmakaqpcyq rukjieseojvvumdwdfrl eyqvdbntvhdpcdzmehxr, lastname=, phone=], ContactData[id=454, name=aauynqjcgebssbtsurwosjasvcwouv vrqrgqvkqucpeiqphbqzllfhtwygwv ktorynpbibzysexolyfralffxuxvtt, lastname=, phone=], ContactData[id=455, name=gwozrkajmlsxlbohzyauxgidekccqfeqtjvkkmjp nvdhdlijgfdusuzwgsamvxadwvvstvgzczhdkepa rmpkkpdsmucmyyhvrhtservrfykmflzoaydxhjvz, lastname=, phone=], ContactData[id=456, name=, lastname=, phone=], ContactData[id=457, name=contactphone, lastname=, phone=], ContactData[id=458, name=, lastname=, phone=], ContactData[id=459, name=, lastname=, phone=]]&gt;
	at app//org.junit.jupiter.api.AssertionFailureBuilder.build(AssertionFailureBuilder.java:151)
	at app//org.junit.jupiter.api.AssertionFailureBuilder.buildAndThrow(AssertionFailureBuilder.java:132)
	at app//org.junit.jupiter.api.AssertEquals.failNotEqual(AssertEquals.java:197)
	at app//org.junit.jupiter.api.AssertEquals.assertEquals(AssertEquals.java:182)
	at app//org.junit.jupiter.api.AssertEquals.assertEquals(AssertEquals.java:177)
	at app//org.junit.jupiter.api.Assertions.assertEquals(Assertions.java:1142)
	at app//tests.ContactCreationTests.canCreateMultipleContacts(ContactCreationTests.java:76)
	at java.base@17.0.8.1/jdk.internal.reflect.NativeMethodAccessorImpl.invoke0(Native Method)
	at java.base@17.0.8.1/jdk.internal.reflect.NativeMethodAccessorImpl.invoke(NativeMethodAccessorImpl.java:77)
	at java.base@17.0.8.1/jdk.internal.reflect.DelegatingMethodAccessorImpl.invoke(DelegatingMethodAccessorImpl.java:43)
	at java.base@17.0.8.1/java.lang.reflect.Method.invoke(Method.java:568)
	at app//org.junit.platform.commons.util.ReflectionUtils.invokeMethod(ReflectionUtils.java:727)
	at app//org.junit.jupiter.engine.execution.MethodInvocation.proceed(MethodInvocation.java:60)
	at app//org.junit.jupiter.engine.execution.InvocationInterceptorChain$ValidatingInvocation.proceed(InvocationInterceptorChain.java:131)
	at app//org.junit.jupiter.engine.extension.TimeoutExtension.intercept(TimeoutExtension.java:156)
	at app//org.junit.jupiter.engine.extension.TimeoutExtension.interceptTestableMethod(TimeoutExtension.java:147)
	at app//org.junit.jupiter.engine.extension.TimeoutExtension.interceptTestTemplateMethod(TimeoutExtension.java:94)
	at app//org.junit.jupiter.engine.execution.InterceptingExecutableInvoker$ReflectiveInterceptorCall.lambda$ofVoidMethod$0(InterceptingExecutableInvoker.java:103)
	at app//org.junit.jupiter.engine.execution.InterceptingExecutableInvoker.lambda$invoke$0(InterceptingExecutableInvoker.java:93)
	at app//org.junit.jupiter.engine.execution.InvocationInterceptorChain$InterceptedInvocation.proceed(InvocationInterceptorChain.java:106)
	at app//org.junit.jupiter.engine.execution.InvocationInterceptorChain.proceed(InvocationInterceptorChain.java:64)
	at app//org.junit.jupiter.engine.execution.InvocationInterceptorChain.chainAndInvoke(InvocationInterceptorChain.java:45)
	at app//org.junit.jupiter.engine.execution.InvocationInterceptorChain.invoke(InvocationInterceptorChain.java:37)
	at app//org.junit.jupiter.engine.execution.InterceptingExecutableInvoker.invoke(InterceptingExecutableInvoker.java:92)
	at app//org.junit.jupiter.engine.execution.InterceptingExecutableInvoker.invoke(InterceptingExecutableInvoker.java:86)
	at app//org.junit.jupiter.engine.descriptor.TestMethodTestDescriptor.lambda$invokeTestMethod$7(TestMethodTestDescriptor.java:217)
	at app//org.junit.platform.engine.support.hierarchical.ThrowableCollector.execute(ThrowableCollector.java:73)
	at app//org.junit.jupiter.engine.descriptor.TestMethodTestDescriptor.invokeTestMethod(TestMethodTestDescriptor.java:213)
	at app//org.junit.jupiter.engine.descriptor.TestMethodTestDescriptor.execute(TestMethodTestDescriptor.java:138)
	at app//org.junit.jupiter.engine.descriptor.TestMethodTestDescriptor.execute(TestMethodTestDescriptor.java:68)
	at app//org.junit.platform.engine.support.hierarchical.NodeTestTask.lambda$executeRecursively$6(NodeTestTask.java:151)
	at app//org.junit.platform.engine.support.hierarchical.ThrowableCollector.execute(ThrowableCollector.java:73)
	at app//org.junit.platform.engine.support.hierarchical.NodeTestTask.lambda$executeRecursively$8(NodeTestTask.java:141)
	at app//org.junit.platform.engine.support.hierarchical.Node.around(Node.java:137)
	at app//org.junit.platform.engine.support.hierarchical.NodeTestTask.lambda$executeRecursively$9(NodeTestTask.java:139)
	at app//org.junit.platform.engine.support.hierarchical.ThrowableCollector.execute(ThrowableCollector.java:73)
	at app//org.junit.platform.engine.support.hierarchical.NodeTestTask.executeRecursively(NodeTestTask.java:138)
	at app//org.junit.platform.engine.support.hierarchical.NodeTestTask.execute(NodeTestTask.java:95)
	at app//org.junit.platform.engine.support.hierarchical.SameThreadHierarchicalTestExecutorService.submit(SameThreadHierarchicalTestExecutorService.java:35)
	at app//org.junit.platform.engine.support.hierarchical.NodeTestTask$DefaultDynamicTestExecutor.execute(NodeTestTask.java:226)
	at app//org.junit.platform.engine.support.hierarchical.NodeTestTask$DefaultDynamicTestExecutor.execute(NodeTestTask.java:204)
	at app//org.junit.jupiter.engine.descriptor.TestTemplateTestDescriptor.execute(TestTemplateTestDescriptor.java:142)
	at app//org.junit.jupiter.engine.descriptor.TestTemplateTestDescriptor.lambda$execute$2(TestTemplateTestDescriptor.java:110)
	at java.base@17.0.8.1/java.util.stream.ForEachOps$ForEachOp$OfRef.accept(ForEachOps.java:183)
	at java.base@17.0.8.1/java.util.stream.ReferencePipeline$3$1.accept(ReferencePipeline.java:197)
	at java.base@17.0.8.1/java.util.stream.ReferencePipeline$2$1.accept(ReferencePipeline.java:179)
	at java.base@17.0.8.1/java.util.stream.ReferencePipeline$3$1.accept(ReferencePipeline.java:197)
	at java.base@17.0.8.1/java.util.stream.ForEachOps$ForEachOp$OfRef.accept(ForEachOps.java:183)
	at java.base@17.0.8.1/java.util.stream.ReferencePipeline$3$1.accept(ReferencePipeline.java:197)
	at java.base@17.0.8.1/java.util.stream.ReferencePipeline$3$1.accept(ReferencePipeline.java:197)
	at java.base@17.0.8.1/java.util.stream.ReferencePipeline$3$1.accept(ReferencePipeline.java:197)
	at java.base@17.0.8.1/java.util.stream.ForEachOps$ForEachOp$OfRef.accept(ForEachOps.java:183)
	at java.base@17.0.8.1/java.util.stream.ReferencePipeline$3$1.accept(ReferencePipeline.java:197)
	at java.base@17.0.8.1/java.util.ArrayList$ArrayListSpliterator.forEachRemaining(ArrayList.java:1625)
	at java.base@17.0.8.1/java.util.stream.ReferencePipeline$Head.forEach(ReferencePipeline.java:762)
	at java.base@17.0.8.1/java.util.stream.ReferencePipeline$7$1.accept(ReferencePipeline.java:276)
	at java.base@17.0.8.1/java.util.stream.ReferencePipeline$3$1.accept(ReferencePipeline.java:197)
	at java.base@17.0.8.1/java.util.stream.ReferencePipeline$3$1.accept(ReferencePipeline.java:197)
	at java.base@17.0.8.1/java.util.Spliterators$ArraySpliterator.forEachRemaining(Spliterators.java:992)
	at java.base@17.0.8.1/java.util.stream.AbstractPipeline.copyInto(AbstractPipeline.java:509)
	at java.base@17.0.8.1/java.util.stream.AbstractPipeline.wrapAndCopyInto(AbstractPipeline.java:499)
	at java.base@17.0.8.1/java.util.stream.ForEachOps$ForEachOp.evaluateSequential(ForEachOps.java:150)
	at java.base@17.0.8.1/java.util.stream.ForEachOps$ForEachOp$OfRef.evaluateSequential(ForEachOps.java:173)
	at java.base@17.0.8.1/java.util.stream.AbstractPipeline.evaluate(AbstractPipeline.java:234)
	at java.base@17.0.8.1/java.util.stream.ReferencePipeline.forEach(ReferencePipeline.java:596)
	at java.base@17.0.8.1/java.util.stream.ReferencePipeline$7$1.accept(ReferencePipeline.java:276)
	at java.base@17.0.8.1/java.util.stream.ReferencePipeline$3$1.accept(ReferencePipeline.java:197)
	at java.base@17.0.8.1/java.util.stream.ReferencePipeline$3$1.accept(ReferencePipeline.java:197)
	at java.base@17.0.8.1/java.util.stream.ReferencePipeline$3$1.accept(ReferencePipeline.java:197)
	at java.base@17.0.8.1/java.util.ArrayList$ArrayListSpliterator.forEachRemaining(ArrayList.java:1625)
	at java.base@17.0.8.1/java.util.stream.AbstractPipeline.copyInto(AbstractPipeline.java:509)
	at java.base@17.0.8.1/java.util.stream.AbstractPipeline.wrapAndCopyInto(AbstractPipeline.java:499)
	at java.base@17.0.8.1/java.util.stream.ForEachOps$ForEachOp.evaluateSequential(ForEachOps.java:150)
	at java.base@17.0.8.1/java.util.stream.ForEachOps$ForEachOp$OfRef.evaluateSequential(ForEachOps.java:173)
	at java.base@17.0.8.1/java.util.stream.AbstractPipeline.evaluate(AbstractPipeline.java:234)
	at java.base@17.0.8.1/java.util.stream.ReferencePipeline.forEach(ReferencePipeline.java:596)
	at java.base@17.0.8.1/java.util.stream.ReferencePipeline$7$1.accept(ReferencePipeline.java:276)
	at java.base@17.0.8.1/java.util.ArrayList$ArrayListSpliterator.forEachRemaining(ArrayList.java:1625)
	at java.base@17.0.8.1/java.util.stream.AbstractPipeline.copyInto(AbstractPipeline.java:509)
	at java.base@17.0.8.1/java.util.stream.AbstractPipeline.wrapAndCopyInto(AbstractPipeline.java:499)
	at java.base@17.0.8.1/java.util.stream.ForEachOps$ForEachOp.evaluateSequential(ForEachOps.java:150)
	at java.base@17.0.8.1/java.util.stream.ForEachOps$ForEachOp$OfRef.evaluateSequential(ForEachOps.java:173)
	at java.base@17.0.8.1/java.util.stream.AbstractPipeline.evaluate(AbstractPipeline.java:234)
	at java.base@17.0.8.1/java.util.stream.ReferencePipeline.forEach(ReferencePipeline.java:596)
	at app//org.junit.jupiter.engine.descriptor.TestTemplateTestDescriptor.execute(TestTemplateTestDescriptor.java:110)
	at app//org.junit.jupiter.engine.descriptor.TestTemplateTestDescriptor.execute(TestTemplateTestDescriptor.java:44)
	at app//org.junit.platform.engine.support.hierarchical.NodeTestTask.lambda$executeRecursively$6(NodeTestTask.java:151)
	at app//org.junit.platform.engine.support.hierarchical.ThrowableCollector.execute(ThrowableCollector.java:73)
	at app//org.junit.platform.engine.support.hierarchical.NodeTestTask.lambda$executeRecursively$8(NodeTestTask.java:141)
	at app//org.junit.platform.engine.support.hierarchical.Node.around(Node.java:137)
	at app//org.junit.platform.engine.support.hierarchical.NodeTestTask.lambda$executeRecursively$9(NodeTestTask.java:139)
	at app//org.junit.platform.engine.support.hierarchical.ThrowableCollector.execute(ThrowableCollector.java:73)
	at app//org.junit.platform.engine.support.hierarchical.NodeTestTask.executeRecursively(NodeTestTask.java:138)
	at app//org.junit.platform.engine.support.hierarchical.NodeTestTask.execute(NodeTestTask.java:95)
	at java.base@17.0.8.1/java.util.ArrayList.forEach(ArrayList.java:1511)
	at app//org.junit.platform.engine.support.hierarchical.SameThreadHierarchicalTestExecutorService.invokeAll(SameThreadHierarchicalTestExecutorService.java:41)
	at app//org.junit.platform.engine.support.hierarchical.NodeTestTask.lambda$executeRecursively$6(NodeTestTask.java:155)
	at app//org.junit.platform.engine.support.hierarchical.ThrowableCollector.execute(ThrowableCollector.java:73)
	at app//org.junit.platform.engine.support.hierarchical.NodeTestTask.lambda$executeRecursively$8(NodeTestTask.java:141)
	at app//org.junit.platform.engine.support.hierarchical.Node.around(Node.java:137)
	at app//org.junit.platform.engine.support.hierarchical.NodeTestTask.lambda$executeRecursively$9(NodeTestTask.java:139)
	at app//org.junit.platform.engine.support.hierarchical.ThrowableCollector.execute(ThrowableCollector.java:73)
	at app//org.junit.platform.engine.support.hierarchical.NodeTestTask.executeRecursively(NodeTestTask.java:138)
	at app//org.junit.platform.engine.support.hierarchical.NodeTestTask.execute(NodeTestTask.java:95)
	at java.base@17.0.8.1/java.util.ArrayList.forEach(ArrayList.java:1511)
	at app//org.junit.platform.engine.support.hierarchical.SameThreadHierarchicalTestExecutorService.invokeAll(SameThreadHierarchicalTestExecutorService.java:41)
	at app//org.junit.platform.engine.support.hierarchical.NodeTestTask.lambda$executeRecursively$6(NodeTestTask.java:155)
	at app//org.junit.platform.engine.support.hierarchical.ThrowableCollector.execute(ThrowableCollector.java:73)
	at app//org.junit.platform.engine.support.hierarchical.NodeTestTask.lambda$executeRecursively$8(NodeTestTask.java:141)
	at app//org.junit.platform.engine.support.hierarchical.Node.around(Node.java:137)
	at app//org.junit.platform.engine.support.hierarchical.NodeTestTask.lambda$executeRecursively$9(NodeTestTask.java:139)
	at app//org.junit.platform.engine.support.hierarchical.ThrowableCollector.execute(ThrowableCollector.java:73)
	at app//org.junit.platform.engine.support.hierarchical.NodeTestTask.executeRecursively(NodeTestTask.java:138)
	at app//org.junit.platform.engine.support.hierarchical.NodeTestTask.execute(NodeTestTask.java:95)
	at app//org.junit.platform.engine.support.hierarchical.SameThreadHierarchicalTestExecutorService.submit(SameThreadHierarchicalTestExecutorService.java:35)
	at app//org.junit.platform.engine.support.hierarchical.HierarchicalTestExecutor.execute(HierarchicalTestExecutor.java:57)
	at app//org.junit.platform.engine.support.hierarchical.HierarchicalTestEngine.execute(HierarchicalTestEngine.java:54)
	at app//org.junit.platform.launcher.core.EngineExecutionOrchestrator.execute(EngineExecutionOrchestrator.java:107)
	at app//org.junit.platform.launcher.core.EngineExecutionOrchestrator.execute(EngineExecutionOrchestrator.java:88)
	at app//org.junit.platform.launcher.core.EngineExecutionOrchestrator.lambda$execute$0(EngineExecutionOrchestrator.java:54)
	at app//org.junit.platform.launcher.core.EngineExecutionOrchestrator.withInterceptedStreams(EngineExecutionOrchestrator.java:67)
	at app//org.junit.platform.launcher.core.EngineExecutionOrchestrator.execute(EngineExecutionOrchestrator.java:52)
	at app//org.junit.platform.launcher.core.DefaultLauncher.execute(DefaultLauncher.java:114)
	at app//org.junit.platform.launcher.core.DefaultLauncher.execute(DefaultLauncher.java:86)
	at app//org.junit.platform.launcher.core.DefaultLauncherSession$DelegatingLauncher.execute(DefaultLauncherSession.java:86)
	at org.gradle.api.internal.tasks.testing.junitplatform.JUnitPlatformTestClassProcessor$CollectAllTestClassesExecutor.processAllTestClasses(JUnitPlatformTestClassProcessor.java:110)
	at org.gradle.api.internal.tasks.testing.junitplatform.JUnitPlatformTestClassProcessor$CollectAllTestClassesExecutor.access$000(JUnitPlatformTestClassProcessor.java:90)
	at org.gradle.api.internal.tasks.testing.junitplatform.JUnitPlatformTestClassProcessor.stop(JUnitPlatformTestClassProcessor.java:85)
	at org.gradle.api.internal.tasks.testing.SuiteTestClassProcessor.stop(SuiteTestClassProcessor.java:62)
	at java.base@17.0.8.1/jdk.internal.reflect.NativeMethodAccessorImpl.invoke0(Native Method)
	at java.base@17.0.8.1/jdk.internal.reflect.NativeMethodAccessorImpl.invoke(NativeMethodAccessorImpl.java:77)
	at java.base@17.0.8.1/jdk.internal.reflect.DelegatingMethodAccessorImpl.invoke(DelegatingMethodAccessorImpl.java:43)
	at java.base@17.0.8.1/java.lang.reflect.Method.invoke(Method.java:568)
	at org.gradle.internal.dispatch.ReflectionDispatch.dispatch(ReflectionDispatch.java:36)
	at org.gradle.internal.dispatch.ReflectionDispatch.dispatch(ReflectionDispatch.java:24)
	at org.gradle.internal.dispatch.ContextClassLoaderDispatch.dispatch(ContextClassLoaderDispatch.java:33)
	at org.gradle.internal.dispatch.ProxyDispatchAdapter$DispatchingInvocationHandler.invoke(ProxyDispatchAdapter.java:94)
	at jdk.proxy1/jdk.proxy1.$Proxy2.stop(Unknown Source)
	at org.gradle.api.internal.tasks.testing.worker.TestWorker$3.run(TestWorker.java:193)
	at org.gradle.api.internal.tasks.testing.worker.TestWorker.executeAndMaintainThreadName(TestWorker.java:129)
	at org.gradle.api.internal.tasks.testing.worker.TestWorker.execute(TestWorker.java:100)
	at org.gradle.api.internal.tasks.testing.worker.TestWorker.execute(TestWorker.java:60)
	at org.gradle.process.internal.worker.child.ActionExecutionWorker.execute(ActionExecutionWorker.java:56)
	at org.gradle.process.internal.worker.child.SystemApplicationClassLoaderWorker.call(SystemApplicationClassLoaderWorker.java:113)
	at org.gradle.process.internal.worker.child.SystemApplicationClassLoaderWorker.call(SystemApplicationClassLoaderWorker.java:65)
	at app//worker.org.gradle.process.internal.worker.GradleWorkerMain.run(GradleWorkerMain.java:69)
	at app//worker.org.gradle.process.internal.worker.GradleWorkerMain.main(GradleWorkerMain.java:74)
</failure>
  </testcase>
  <testcase name="[3] ContactData[id=, name=, lastname=contact lastname, phone=]" classname="tests.ContactCreationTests" time="3.154">
    <failure message="org.opentest4j.AssertionFailedError: expected: &lt;[ContactData[id=429, name=, lastname=, phone=], ContactData[id=430, name=contactphone, lastname=, phone=], ContactData[id=431, name=contact lastname, lastname=, phone=], ContactData[id=432, name=contact lastname contactphone, lastname=, phone=], ContactData[id=433, name=contact name, lastname=, phone=], ContactData[id=434, name=contact name contactphone, lastname=, phone=], ContactData[id=435, name=contact lastname contact name, lastname=, phone=], ContactData[id=436, name=contact lastname contact name contactphone, lastname=, phone=], ContactData[id=437, name=, lastname=, phone=], ContactData[id=438, name=fnwmzrekoi wdusvwmfdh ssxyljdote, lastname=, phone=], ContactData[id=439, name=hzpnjsbtquaqyksbbzgq czmohjzilaicrhoycpab tlfynkdmjywzftrgpbiy, lastname=, phone=], ContactData[id=440, name=yxdtjstqgsfsacdhgcsbuphrmvrrfx jlldngogdvnndqzmpfsyawoltuzlcu uopykotsdbwkqahjxalbkktdjjfpag, lastname=, phone=], ContactData[id=441, name=phrsqqfstswzobypalqpbbwdpmetcrdunjttizyh udgvzktolhrxkuwndjepoxtdfdcpciyzwrmdvzyk rtkynphyuxdrsvzwxqqvxcxhfqytfpqvblkkrffj, lastname=, phone=], ContactData[id=442, name=, lastname=, phone=], ContactData[id=443, name=, lastname=, phone=], ContactData[id=444, name=contactphone, lastname=, phone=], ContactData[id=445, name=contact lastname, lastname=, phone=], ContactData[id=446, name=contact lastname contactphone, lastname=, phone=], ContactData[id=447, name=contact name, lastname=, phone=], ContactData[id=448, name=contact name contactphone, lastname=, phone=], ContactData[id=449, name=contact lastname contact name, lastname=, phone=], ContactData[id=450, name=contact lastname contact name contactphone, lastname=, phone=], ContactData[id=451, name=, lastname=, phone=], ContactData[id=452, name=slfrhrjqqa cmtbrqwppj tvvcvynadw, lastname=, phone=], ContactData[id=453, name=arxszftxwvwmakaqpcyq rukjieseojvvumdwdfrl eyqvdbntvhdpcdzmehxr, lastname=, phone=], ContactData[id=454, name=aauynqjcgebssbtsurwosjasvcwouv vrqrgqvkqucpeiqphbqzllfhtwygwv ktorynpbibzysexolyfralffxuxvtt, lastname=, phone=], ContactData[id=455, name=gwozrkajmlsxlbohzyauxgidekccqfeqtjvkkmjp nvdhdlijgfdusuzwgsamvxadwvvstvgzczhdkepa rmpkkpdsmucmyyhvrhtservrfykmflzoaydxhjvz, lastname=, phone=], ContactData[id=456, name=, lastname=, phone=], ContactData[id=457, name=contactphone, lastname=, phone=], ContactData[id=458, name=, lastname=, phone=], ContactData[id=459, name=contactphone, lastname=, phone=], ContactData[id=460, name=contact lastname, lastname=, phone=]]&gt; but was: &lt;[ContactData[id=429, name=, lastname=, phone=], ContactData[id=430, name=contactphone, lastname=, phone=], ContactData[id=431, name=contact lastname, lastname=, phone=], ContactData[id=432, name=contact lastname contactphone, lastname=, phone=], ContactData[id=433, name=contact name, lastname=, phone=], ContactData[id=434, name=contact name contactphone, lastname=, phone=], ContactData[id=435, name=contact lastname contact name, lastname=, phone=], ContactData[id=436, name=contact lastname contact name contactphone, lastname=, phone=], ContactData[id=437, name=, lastname=, phone=], ContactData[id=438, name=fnwmzrekoi wdusvwmfdh ssxyljdote, lastname=, phone=], ContactData[id=439, name=hzpnjsbtquaqyksbbzgq czmohjzilaicrhoycpab tlfynkdmjywzftrgpbiy, lastname=, phone=], ContactData[id=440, name=yxdtjstqgsfsacdhgcsbuphrmvrrfx jlldngogdvnndqzmpfsyawoltuzlcu uopykotsdbwkqahjxalbkktdjjfpag, lastname=, phone=], ContactData[id=441, name=phrsqqfstswzobypalqpbbwdpmetcrdunjttizyh udgvzktolhrxkuwndjepoxtdfdcpciyzwrmdvzyk rtkynphyuxdrsvzwxqqvxcxhfqytfpqvblkkrffj, lastname=, phone=], ContactData[id=442, name=, lastname=, phone=], ContactData[id=443, name=, lastname=, phone=], ContactData[id=444, name=contactphone, lastname=, phone=], ContactData[id=445, name=contact lastname, lastname=, phone=], ContactData[id=446, name=contact lastname contactphone, lastname=, phone=], ContactData[id=447, name=contact name, lastname=, phone=], ContactData[id=448, name=contact name contactphone, lastname=, phone=], ContactData[id=449, name=contact lastname contact name, lastname=, phone=], ContactData[id=450, name=contact lastname contact name contactphone, lastname=, phone=], ContactData[id=451, name=, lastname=, phone=], ContactData[id=452, name=slfrhrjqqa cmtbrqwppj tvvcvynadw, lastname=, phone=], ContactData[id=453, name=arxszftxwvwmakaqpcyq rukjieseojvvumdwdfrl eyqvdbntvhdpcdzmehxr, lastname=, phone=], ContactData[id=454, name=aauynqjcgebssbtsurwosjasvcwouv vrqrgqvkqucpeiqphbqzllfhtwygwv ktorynpbibzysexolyfralffxuxvtt, lastname=, phone=], ContactData[id=455, name=gwozrkajmlsxlbohzyauxgidekccqfeqtjvkkmjp nvdhdlijgfdusuzwgsamvxadwvvstvgzczhdkepa rmpkkpdsmucmyyhvrhtservrfykmflzoaydxhjvz, lastname=, phone=], ContactData[id=456, name=, lastname=, phone=], ContactData[id=457, name=contactphone, lastname=, phone=], ContactData[id=458, name=, lastname=, phone=], ContactData[id=459, name=contactphone, lastname=, phone=], ContactData[id=460, name=, lastname=, phone=]]&gt;" type="org.opentest4j.AssertionFailedError">org.opentest4j.AssertionFailedError: expected: &lt;[ContactData[id=429, name=, lastname=, phone=], ContactData[id=430, name=contactphone, lastname=, phone=], ContactData[id=431, name=contact lastname, lastname=, phone=], ContactData[id=432, name=contact lastname contactphone, lastname=, phone=], ContactData[id=433, name=contact name, lastname=, phone=], ContactData[id=434, name=contact name contactphone, lastname=, phone=], ContactData[id=435, name=contact lastname contact name, lastname=, phone=], ContactData[id=436, name=contact lastname contact name contactphone, lastname=, phone=], ContactData[id=437, name=, lastname=, phone=], ContactData[id=438, name=fnwmzrekoi wdusvwmfdh ssxyljdote, lastname=, phone=], ContactData[id=439, name=hzpnjsbtquaqyksbbzgq czmohjzilaicrhoycpab tlfynkdmjywzftrgpbiy, lastname=, phone=], ContactData[id=440, name=yxdtjstqgsfsacdhgcsbuphrmvrrfx jlldngogdvnndqzmpfsyawoltuzlcu uopykotsdbwkqahjxalbkktdjjfpag, lastname=, phone=], ContactData[id=441, name=phrsqqfstswzobypalqpbbwdpmetcrdunjttizyh udgvzktolhrxkuwndjepoxtdfdcpciyzwrmdvzyk rtkynphyuxdrsvzwxqqvxcxhfqytfpqvblkkrffj, lastname=, phone=], ContactData[id=442, name=, lastname=, phone=], ContactData[id=443, name=, lastname=, phone=], ContactData[id=444, name=contactphone, lastname=, phone=], ContactData[id=445, name=contact lastname, lastname=, phone=], ContactData[id=446, name=contact lastname contactphone, lastname=, phone=], ContactData[id=447, name=contact name, lastname=, phone=], ContactData[id=448, name=contact name contactphone, lastname=, phone=], ContactData[id=449, name=contact lastname contact name, lastname=, phone=], ContactData[id=450, name=contact lastname contact name contactphone, lastname=, phone=], ContactData[id=451, name=, lastname=, phone=], ContactData[id=452, name=slfrhrjqqa cmtbrqwppj tvvcvynadw, lastname=, phone=], ContactData[id=453, name=arxszftxwvwmakaqpcyq rukjieseojvvumdwdfrl eyqvdbntvhdpcdzmehxr, lastname=, phone=], ContactData[id=454, name=aauynqjcgebssbtsurwosjasvcwouv vrqrgqvkqucpeiqphbqzllfhtwygwv ktorynpbibzysexolyfralffxuxvtt, lastname=, phone=], ContactData[id=455, name=gwozrkajmlsxlbohzyauxgidekccqfeqtjvkkmjp nvdhdlijgfdusuzwgsamvxadwvvstvgzczhdkepa rmpkkpdsmucmyyhvrhtservrfykmflzoaydxhjvz, lastname=, phone=], ContactData[id=456, name=, lastname=, phone=], ContactData[id=457, name=contactphone, lastname=, phone=], ContactData[id=458, name=, lastname=, phone=], ContactData[id=459, name=contactphone, lastname=, phone=], ContactData[id=460, name=contact lastname, lastname=, phone=]]&gt; but was: &lt;[ContactData[id=429, name=, lastname=, phone=], ContactData[id=430, name=contactphone, lastname=, phone=], ContactData[id=431, name=contact lastname, lastname=, phone=], ContactData[id=432, name=contact lastname contactphone, lastname=, phone=], ContactData[id=433, name=contact name, lastname=, phone=], ContactData[id=434, name=contact name contactphone, lastname=, phone=], ContactData[id=435, name=contact lastname contact name, lastname=, phone=], ContactData[id=436, name=contact lastname contact name contactphone, lastname=, phone=], ContactData[id=437, name=, lastname=, phone=], ContactData[id=438, name=fnwmzrekoi wdusvwmfdh ssxyljdote, lastname=, phone=], ContactData[id=439, name=hzpnjsbtquaqyksbbzgq czmohjzilaicrhoycpab tlfynkdmjywzftrgpbiy, lastname=, phone=], ContactData[id=440, name=yxdtjstqgsfsacdhgcsbuphrmvrrfx jlldngogdvnndqzmpfsyawoltuzlcu uopykotsdbwkqahjxalbkktdjjfpag, lastname=, phone=], ContactData[id=441, name=phrsqqfstswzobypalqpbbwdpmetcrdunjttizyh udgvzktolhrxkuwndjepoxtdfdcpciyzwrmdvzyk rtkynphyuxdrsvzwxqqvxcxhfqytfpqvblkkrffj, lastname=, phone=], ContactData[id=442, name=, lastname=, phone=], ContactData[id=443, name=, lastname=, phone=], ContactData[id=444, name=contactphone, lastname=, phone=], ContactData[id=445, name=contact lastname, lastname=, phone=], ContactData[id=446, name=contact lastname contactphone, lastname=, phone=], ContactData[id=447, name=contact name, lastname=, phone=], ContactData[id=448, name=contact name contactphone, lastname=, phone=], ContactData[id=449, name=contact lastname contact name, lastname=, phone=], ContactData[id=450, name=contact lastname contact name contactphone, lastname=, phone=], ContactData[id=451, name=, lastname=, phone=], ContactData[id=452, name=slfrhrjqqa cmtbrqwppj tvvcvynadw, lastname=, phone=], ContactData[id=453, name=arxszftxwvwmakaqpcyq rukjieseojvvumdwdfrl eyqvdbntvhdpcdzmehxr, lastname=, phone=], ContactData[id=454, name=aauynqjcgebssbtsurwosjasvcwouv vrqrgqvkqucpeiqphbqzllfhtwygwv ktorynpbibzysexolyfralffxuxvtt, lastname=, phone=], ContactData[id=455, name=gwozrkajmlsxlbohzyauxgidekccqfeqtjvkkmjp nvdhdlijgfdusuzwgsamvxadwvvstvgzczhdkepa rmpkkpdsmucmyyhvrhtservrfykmflzoaydxhjvz, lastname=, phone=], ContactData[id=456, name=, lastname=, phone=], ContactData[id=457, name=contactphone, lastname=, phone=], ContactData[id=458, name=, lastname=, phone=], ContactData[id=459, name=contactphone, lastname=, phone=], ContactData[id=460, name=, lastname=, phone=]]&gt;
	at app//org.junit.jupiter.api.AssertionFailureBuilder.build(AssertionFailureBuilder.java:151)
	at app//org.junit.jupiter.api.AssertionFailureBuilder.buildAndThrow(AssertionFailureBuilder.java:132)
	at app//org.junit.jupiter.api.AssertEquals.failNotEqual(AssertEquals.java:197)
	at app//org.junit.jupiter.api.AssertEquals.assertEquals(AssertEquals.java:182)
	at app//org.junit.jupiter.api.AssertEquals.assertEquals(AssertEquals.java:177)
	at app//org.junit.jupiter.api.Assertions.assertEquals(Assertions.java:1142)
	at app//tests.ContactCreationTests.canCreateMultipleContacts(ContactCreationTests.java:76)
	at java.base@17.0.8.1/jdk.internal.reflect.NativeMethodAccessorImpl.invoke0(Native Method)
	at java.base@17.0.8.1/jdk.internal.reflect.NativeMethodAccessorImpl.invoke(NativeMethodAccessorImpl.java:77)
	at java.base@17.0.8.1/jdk.internal.reflect.DelegatingMethodAccessorImpl.invoke(DelegatingMethodAccessorImpl.java:43)
	at java.base@17.0.8.1/java.lang.reflect.Method.invoke(Method.java:568)
	at app//org.junit.platform.commons.util.ReflectionUtils.invokeMethod(ReflectionUtils.java:727)
	at app//org.junit.jupiter.engine.execution.MethodInvocation.proceed(MethodInvocation.java:60)
	at app//org.junit.jupiter.engine.execution.InvocationInterceptorChain$ValidatingInvocation.proceed(InvocationInterceptorChain.java:131)
	at app//org.junit.jupiter.engine.extension.TimeoutExtension.intercept(TimeoutExtension.java:156)
	at app//org.junit.jupiter.engine.extension.TimeoutExtension.interceptTestableMethod(TimeoutExtension.java:147)
	at app//org.junit.jupiter.engine.extension.TimeoutExtension.interceptTestTemplateMethod(TimeoutExtension.java:94)
	at app//org.junit.jupiter.engine.execution.InterceptingExecutableInvoker$ReflectiveInterceptorCall.lambda$ofVoidMethod$0(InterceptingExecutableInvoker.java:103)
	at app//org.junit.jupiter.engine.execution.InterceptingExecutableInvoker.lambda$invoke$0(InterceptingExecutableInvoker.java:93)
	at app//org.junit.jupiter.engine.execution.InvocationInterceptorChain$InterceptedInvocation.proceed(InvocationInterceptorChain.java:106)
	at app//org.junit.jupiter.engine.execution.InvocationInterceptorChain.proceed(InvocationInterceptorChain.java:64)
	at app//org.junit.jupiter.engine.execution.InvocationInterceptorChain.chainAndInvoke(InvocationInterceptorChain.java:45)
	at app//org.junit.jupiter.engine.execution.InvocationInterceptorChain.invoke(InvocationInterceptorChain.java:37)
	at app//org.junit.jupiter.engine.execution.InterceptingExecutableInvoker.invoke(InterceptingExecutableInvoker.java:92)
	at app//org.junit.jupiter.engine.execution.InterceptingExecutableInvoker.invoke(InterceptingExecutableInvoker.java:86)
	at app//org.junit.jupiter.engine.descriptor.TestMethodTestDescriptor.lambda$invokeTestMethod$7(TestMethodTestDescriptor.java:217)
	at app//org.junit.platform.engine.support.hierarchical.ThrowableCollector.execute(ThrowableCollector.java:73)
	at app//org.junit.jupiter.engine.descriptor.TestMethodTestDescriptor.invokeTestMethod(TestMethodTestDescriptor.java:213)
	at app//org.junit.jupiter.engine.descriptor.TestMethodTestDescriptor.execute(TestMethodTestDescriptor.java:138)
	at app//org.junit.jupiter.engine.descriptor.TestMethodTestDescriptor.execute(TestMethodTestDescriptor.java:68)
	at app//org.junit.platform.engine.support.hierarchical.NodeTestTask.lambda$executeRecursively$6(NodeTestTask.java:151)
	at app//org.junit.platform.engine.support.hierarchical.ThrowableCollector.execute(ThrowableCollector.java:73)
	at app//org.junit.platform.engine.support.hierarchical.NodeTestTask.lambda$executeRecursively$8(NodeTestTask.java:141)
	at app//org.junit.platform.engine.support.hierarchical.Node.around(Node.java:137)
	at app//org.junit.platform.engine.support.hierarchical.NodeTestTask.lambda$executeRecursively$9(NodeTestTask.java:139)
	at app//org.junit.platform.engine.support.hierarchical.ThrowableCollector.execute(ThrowableCollector.java:73)
	at app//org.junit.platform.engine.support.hierarchical.NodeTestTask.executeRecursively(NodeTestTask.java:138)
	at app//org.junit.platform.engine.support.hierarchical.NodeTestTask.execute(NodeTestTask.java:95)
	at app//org.junit.platform.engine.support.hierarchical.SameThreadHierarchicalTestExecutorService.submit(SameThreadHierarchicalTestExecutorService.java:35)
	at app//org.junit.platform.engine.support.hierarchical.NodeTestTask$DefaultDynamicTestExecutor.execute(NodeTestTask.java:226)
	at app//org.junit.platform.engine.support.hierarchical.NodeTestTask$DefaultDynamicTestExecutor.execute(NodeTestTask.java:204)
	at app//org.junit.jupiter.engine.descriptor.TestTemplateTestDescriptor.execute(TestTemplateTestDescriptor.java:142)
	at app//org.junit.jupiter.engine.descriptor.TestTemplateTestDescriptor.lambda$execute$2(TestTemplateTestDescriptor.java:110)
	at java.base@17.0.8.1/java.util.stream.ForEachOps$ForEachOp$OfRef.accept(ForEachOps.java:183)
	at java.base@17.0.8.1/java.util.stream.ReferencePipeline$3$1.accept(ReferencePipeline.java:197)
	at java.base@17.0.8.1/java.util.stream.ReferencePipeline$2$1.accept(ReferencePipeline.java:179)
	at java.base@17.0.8.1/java.util.stream.ReferencePipeline$3$1.accept(ReferencePipeline.java:197)
	at java.base@17.0.8.1/java.util.stream.ForEachOps$ForEachOp$OfRef.accept(ForEachOps.java:183)
	at java.base@17.0.8.1/java.util.stream.ReferencePipeline$3$1.accept(ReferencePipeline.java:197)
	at java.base@17.0.8.1/java.util.stream.ReferencePipeline$3$1.accept(ReferencePipeline.java:197)
	at java.base@17.0.8.1/java.util.stream.ReferencePipeline$3$1.accept(ReferencePipeline.java:197)
	at java.base@17.0.8.1/java.util.stream.ForEachOps$ForEachOp$OfRef.accept(ForEachOps.java:183)
	at java.base@17.0.8.1/java.util.stream.ReferencePipeline$3$1.accept(ReferencePipeline.java:197)
	at java.base@17.0.8.1/java.util.ArrayList$ArrayListSpliterator.forEachRemaining(ArrayList.java:1625)
	at java.base@17.0.8.1/java.util.stream.ReferencePipeline$Head.forEach(ReferencePipeline.java:762)
	at java.base@17.0.8.1/java.util.stream.ReferencePipeline$7$1.accept(ReferencePipeline.java:276)
	at java.base@17.0.8.1/java.util.stream.ReferencePipeline$3$1.accept(ReferencePipeline.java:197)
	at java.base@17.0.8.1/java.util.stream.ReferencePipeline$3$1.accept(ReferencePipeline.java:197)
	at java.base@17.0.8.1/java.util.Spliterators$ArraySpliterator.forEachRemaining(Spliterators.java:992)
	at java.base@17.0.8.1/java.util.stream.AbstractPipeline.copyInto(AbstractPipeline.java:509)
	at java.base@17.0.8.1/java.util.stream.AbstractPipeline.wrapAndCopyInto(AbstractPipeline.java:499)
	at java.base@17.0.8.1/java.util.stream.ForEachOps$ForEachOp.evaluateSequential(ForEachOps.java:150)
	at java.base@17.0.8.1/java.util.stream.ForEachOps$ForEachOp$OfRef.evaluateSequential(ForEachOps.java:173)
	at java.base@17.0.8.1/java.util.stream.AbstractPipeline.evaluate(AbstractPipeline.java:234)
	at java.base@17.0.8.1/java.util.stream.ReferencePipeline.forEach(ReferencePipeline.java:596)
	at java.base@17.0.8.1/java.util.stream.ReferencePipeline$7$1.accept(ReferencePipeline.java:276)
	at java.base@17.0.8.1/java.util.stream.ReferencePipeline$3$1.accept(ReferencePipeline.java:197)
	at java.base@17.0.8.1/java.util.stream.ReferencePipeline$3$1.accept(ReferencePipeline.java:197)
	at java.base@17.0.8.1/java.util.stream.ReferencePipeline$3$1.accept(ReferencePipeline.java:197)
	at java.base@17.0.8.1/java.util.ArrayList$ArrayListSpliterator.forEachRemaining(ArrayList.java:1625)
	at java.base@17.0.8.1/java.util.stream.AbstractPipeline.copyInto(AbstractPipeline.java:509)
	at java.base@17.0.8.1/java.util.stream.AbstractPipeline.wrapAndCopyInto(AbstractPipeline.java:499)
	at java.base@17.0.8.1/java.util.stream.ForEachOps$ForEachOp.evaluateSequential(ForEachOps.java:150)
	at java.base@17.0.8.1/java.util.stream.ForEachOps$ForEachOp$OfRef.evaluateSequential(ForEachOps.java:173)
	at java.base@17.0.8.1/java.util.stream.AbstractPipeline.evaluate(AbstractPipeline.java:234)
	at java.base@17.0.8.1/java.util.stream.ReferencePipeline.forEach(ReferencePipeline.java:596)
	at java.base@17.0.8.1/java.util.stream.ReferencePipeline$7$1.accept(ReferencePipeline.java:276)
	at java.base@17.0.8.1/java.util.ArrayList$ArrayListSpliterator.forEachRemaining(ArrayList.java:1625)
	at java.base@17.0.8.1/java.util.stream.AbstractPipeline.copyInto(AbstractPipeline.java:509)
	at java.base@17.0.8.1/java.util.stream.AbstractPipeline.wrapAndCopyInto(AbstractPipeline.java:499)
	at java.base@17.0.8.1/java.util.stream.ForEachOps$ForEachOp.evaluateSequential(ForEachOps.java:150)
	at java.base@17.0.8.1/java.util.stream.ForEachOps$ForEachOp$OfRef.evaluateSequential(ForEachOps.java:173)
	at java.base@17.0.8.1/java.util.stream.AbstractPipeline.evaluate(AbstractPipeline.java:234)
	at java.base@17.0.8.1/java.util.stream.ReferencePipeline.forEach(ReferencePipeline.java:596)
	at app//org.junit.jupiter.engine.descriptor.TestTemplateTestDescriptor.execute(TestTemplateTestDescriptor.java:110)
	at app//org.junit.jupiter.engine.descriptor.TestTemplateTestDescriptor.execute(TestTemplateTestDescriptor.java:44)
	at app//org.junit.platform.engine.support.hierarchical.NodeTestTask.lambda$executeRecursively$6(NodeTestTask.java:151)
	at app//org.junit.platform.engine.support.hierarchical.ThrowableCollector.execute(ThrowableCollector.java:73)
	at app//org.junit.platform.engine.support.hierarchical.NodeTestTask.lambda$executeRecursively$8(NodeTestTask.java:141)
	at app//org.junit.platform.engine.support.hierarchical.Node.around(Node.java:137)
	at app//org.junit.platform.engine.support.hierarchical.NodeTestTask.lambda$executeRecursively$9(NodeTestTask.java:139)
	at app//org.junit.platform.engine.support.hierarchical.ThrowableCollector.execute(ThrowableCollector.java:73)
	at app//org.junit.platform.engine.support.hierarchical.NodeTestTask.executeRecursively(NodeTestTask.java:138)
	at app//org.junit.platform.engine.support.hierarchical.NodeTestTask.execute(NodeTestTask.java:95)
	at java.base@17.0.8.1/java.util.ArrayList.forEach(ArrayList.java:1511)
	at app//org.junit.platform.engine.support.hierarchical.SameThreadHierarchicalTestExecutorService.invokeAll(SameThreadHierarchicalTestExecutorService.java:41)
	at app//org.junit.platform.engine.support.hierarchical.NodeTestTask.lambda$executeRecursively$6(NodeTestTask.java:155)
	at app//org.junit.platform.engine.support.hierarchical.ThrowableCollector.execute(ThrowableCollector.java:73)
	at app//org.junit.platform.engine.support.hierarchical.NodeTestTask.lambda$executeRecursively$8(NodeTestTask.java:141)
	at app//org.junit.platform.engine.support.hierarchical.Node.around(Node.java:137)
	at app//org.junit.platform.engine.support.hierarchical.NodeTestTask.lambda$executeRecursively$9(NodeTestTask.java:139)
	at app//org.junit.platform.engine.support.hierarchical.ThrowableCollector.execute(ThrowableCollector.java:73)
	at app//org.junit.platform.engine.support.hierarchical.NodeTestTask.executeRecursively(NodeTestTask.java:138)
	at app//org.junit.platform.engine.support.hierarchical.NodeTestTask.execute(NodeTestTask.java:95)
	at java.base@17.0.8.1/java.util.ArrayList.forEach(ArrayList.java:1511)
	at app//org.junit.platform.engine.support.hierarchical.SameThreadHierarchicalTestExecutorService.invokeAll(SameThreadHierarchicalTestExecutorService.java:41)
	at app//org.junit.platform.engine.support.hierarchical.NodeTestTask.lambda$executeRecursively$6(NodeTestTask.java:155)
	at app//org.junit.platform.engine.support.hierarchical.ThrowableCollector.execute(ThrowableCollector.java:73)
	at app//org.junit.platform.engine.support.hierarchical.NodeTestTask.lambda$executeRecursively$8(NodeTestTask.java:141)
	at app//org.junit.platform.engine.support.hierarchical.Node.around(Node.java:137)
	at app//org.junit.platform.engine.support.hierarchical.NodeTestTask.lambda$executeRecursively$9(NodeTestTask.java:139)
	at app//org.junit.platform.engine.support.hierarchical.ThrowableCollector.execute(ThrowableCollector.java:73)
	at app//org.junit.platform.engine.support.hierarchical.NodeTestTask.executeRecursively(NodeTestTask.java:138)
	at app//org.junit.platform.engine.support.hierarchical.NodeTestTask.execute(NodeTestTask.java:95)
	at app//org.junit.platform.engine.support.hierarchical.SameThreadHierarchicalTestExecutorService.submit(SameThreadHierarchicalTestExecutorService.java:35)
	at app//org.junit.platform.engine.support.hierarchical.HierarchicalTestExecutor.execute(HierarchicalTestExecutor.java:57)
	at app//org.junit.platform.engine.support.hierarchical.HierarchicalTestEngine.execute(HierarchicalTestEngine.java:54)
	at app//org.junit.platform.launcher.core.EngineExecutionOrchestrator.execute(EngineExecutionOrchestrator.java:107)
	at app//org.junit.platform.launcher.core.EngineExecutionOrchestrator.execute(EngineExecutionOrchestrator.java:88)
	at app//org.junit.platform.launcher.core.EngineExecutionOrchestrator.lambda$execute$0(EngineExecutionOrchestrator.java:54)
	at app//org.junit.platform.launcher.core.EngineExecutionOrchestrator.withInterceptedStreams(EngineExecutionOrchestrator.java:67)
	at app//org.junit.platform.launcher.core.EngineExecutionOrchestrator.execute(EngineExecutionOrchestrator.java:52)
	at app//org.junit.platform.launcher.core.DefaultLauncher.execute(DefaultLauncher.java:114)
	at app//org.junit.platform.launcher.core.DefaultLauncher.execute(DefaultLauncher.java:86)
	at app//org.junit.platform.launcher.core.DefaultLauncherSession$DelegatingLauncher.execute(DefaultLauncherSession.java:86)
	at org.gradle.api.internal.tasks.testing.junitplatform.JUnitPlatformTestClassProcessor$CollectAllTestClassesExecutor.processAllTestClasses(JUnitPlatformTestClassProcessor.java:110)
	at org.gradle.api.internal.tasks.testing.junitplatform.JUnitPlatformTestClassProcessor$CollectAllTestClassesExecutor.access$000(JUnitPlatformTestClassProcessor.java:90)
	at org.gradle.api.internal.tasks.testing.junitplatform.JUnitPlatformTestClassProcessor.stop(JUnitPlatformTestClassProcessor.java:85)
	at org.gradle.api.internal.tasks.testing.SuiteTestClassProcessor.stop(SuiteTestClassProcessor.java:62)
	at java.base@17.0.8.1/jdk.internal.reflect.NativeMethodAccessorImpl.invoke0(Native Method)
	at java.base@17.0.8.1/jdk.internal.reflect.NativeMethodAccessorImpl.invoke(NativeMethodAccessorImpl.java:77)
	at java.base@17.0.8.1/jdk.internal.reflect.DelegatingMethodAccessorImpl.invoke(DelegatingMethodAccessorImpl.java:43)
	at java.base@17.0.8.1/java.lang.reflect.Method.invoke(Method.java:568)
	at org.gradle.internal.dispatch.ReflectionDispatch.dispatch(ReflectionDispatch.java:36)
	at org.gradle.internal.dispatch.ReflectionDispatch.dispatch(ReflectionDispatch.java:24)
	at org.gradle.internal.dispatch.ContextClassLoaderDispatch.dispatch(ContextClassLoaderDispatch.java:33)
	at org.gradle.internal.dispatch.ProxyDispatchAdapter$DispatchingInvocationHandler.invoke(ProxyDispatchAdapter.java:94)
	at jdk.proxy1/jdk.proxy1.$Proxy2.stop(Unknown Source)
	at org.gradle.api.internal.tasks.testing.worker.TestWorker$3.run(TestWorker.java:193)
	at org.gradle.api.internal.tasks.testing.worker.TestWorker.executeAndMaintainThreadName(TestWorker.java:129)
	at org.gradle.api.internal.tasks.testing.worker.TestWorker.execute(TestWorker.java:100)
	at org.gradle.api.internal.tasks.testing.worker.TestWorker.execute(TestWorker.java:60)
	at org.gradle.process.internal.worker.child.ActionExecutionWorker.execute(ActionExecutionWorker.java:56)
	at org.gradle.process.internal.worker.child.SystemApplicationClassLoaderWorker.call(SystemApplicationClassLoaderWorker.java:113)
	at org.gradle.process.internal.worker.child.SystemApplicationClassLoaderWorker.call(SystemApplicationClassLoaderWorker.java:65)
	at app//worker.org.gradle.process.internal.worker.GradleWorkerMain.run(GradleWorkerMain.java:69)
	at app//worker.org.gradle.process.internal.worker.GradleWorkerMain.main(GradleWorkerMain.java:74)
</failure>
  </testcase>
  <testcase name="[4] ContactData[id=, name=, lastname=contact lastname, phone=contact phone]" classname="tests.ContactCreationTests" time="3.165">
    <failure message="org.opentest4j.AssertionFailedError: expected: &lt;[ContactData[id=429, name=, lastname=, phone=], ContactData[id=430, name=contactphone, lastname=, phone=], ContactData[id=431, name=contact lastname, lastname=, phone=], ContactData[id=432, name=contact lastname contactphone, lastname=, phone=], ContactData[id=433, name=contact name, lastname=, phone=], ContactData[id=434, name=contact name contactphone, lastname=, phone=], ContactData[id=435, name=contact lastname contact name, lastname=, phone=], ContactData[id=436, name=contact lastname contact name contactphone, lastname=, phone=], ContactData[id=437, name=, lastname=, phone=], ContactData[id=438, name=fnwmzrekoi wdusvwmfdh ssxyljdote, lastname=, phone=], ContactData[id=439, name=hzpnjsbtquaqyksbbzgq czmohjzilaicrhoycpab tlfynkdmjywzftrgpbiy, lastname=, phone=], ContactData[id=440, name=yxdtjstqgsfsacdhgcsbuphrmvrrfx jlldngogdvnndqzmpfsyawoltuzlcu uopykotsdbwkqahjxalbkktdjjfpag, lastname=, phone=], ContactData[id=441, name=phrsqqfstswzobypalqpbbwdpmetcrdunjttizyh udgvzktolhrxkuwndjepoxtdfdcpciyzwrmdvzyk rtkynphyuxdrsvzwxqqvxcxhfqytfpqvblkkrffj, lastname=, phone=], ContactData[id=442, name=, lastname=, phone=], ContactData[id=443, name=, lastname=, phone=], ContactData[id=444, name=contactphone, lastname=, phone=], ContactData[id=445, name=contact lastname, lastname=, phone=], ContactData[id=446, name=contact lastname contactphone, lastname=, phone=], ContactData[id=447, name=contact name, lastname=, phone=], ContactData[id=448, name=contact name contactphone, lastname=, phone=], ContactData[id=449, name=contact lastname contact name, lastname=, phone=], ContactData[id=450, name=contact lastname contact name contactphone, lastname=, phone=], ContactData[id=451, name=, lastname=, phone=], ContactData[id=452, name=slfrhrjqqa cmtbrqwppj tvvcvynadw, lastname=, phone=], ContactData[id=453, name=arxszftxwvwmakaqpcyq rukjieseojvvumdwdfrl eyqvdbntvhdpcdzmehxr, lastname=, phone=], ContactData[id=454, name=aauynqjcgebssbtsurwosjasvcwouv vrqrgqvkqucpeiqphbqzllfhtwygwv ktorynpbibzysexolyfralffxuxvtt, lastname=, phone=], ContactData[id=455, name=gwozrkajmlsxlbohzyauxgidekccqfeqtjvkkmjp nvdhdlijgfdusuzwgsamvxadwvvstvgzczhdkepa rmpkkpdsmucmyyhvrhtservrfykmflzoaydxhjvz, lastname=, phone=], ContactData[id=456, name=, lastname=, phone=], ContactData[id=457, name=contactphone, lastname=, phone=], ContactData[id=458, name=, lastname=, phone=], ContactData[id=459, name=contactphone, lastname=, phone=], ContactData[id=460, name=contact lastname, lastname=, phone=], ContactData[id=461, name=contact lastname contactphone, lastname=, phone=]]&gt; but was: &lt;[ContactData[id=429, name=, lastname=, phone=], ContactData[id=430, name=contactphone, lastname=, phone=], ContactData[id=431, name=contact lastname, lastname=, phone=], ContactData[id=432, name=contact lastname contactphone, lastname=, phone=], ContactData[id=433, name=contact name, lastname=, phone=], ContactData[id=434, name=contact name contactphone, lastname=, phone=], ContactData[id=435, name=contact lastname contact name, lastname=, phone=], ContactData[id=436, name=contact lastname contact name contactphone, lastname=, phone=], ContactData[id=437, name=, lastname=, phone=], ContactData[id=438, name=fnwmzrekoi wdusvwmfdh ssxyljdote, lastname=, phone=], ContactData[id=439, name=hzpnjsbtquaqyksbbzgq czmohjzilaicrhoycpab tlfynkdmjywzftrgpbiy, lastname=, phone=], ContactData[id=440, name=yxdtjstqgsfsacdhgcsbuphrmvrrfx jlldngogdvnndqzmpfsyawoltuzlcu uopykotsdbwkqahjxalbkktdjjfpag, lastname=, phone=], ContactData[id=441, name=phrsqqfstswzobypalqpbbwdpmetcrdunjttizyh udgvzktolhrxkuwndjepoxtdfdcpciyzwrmdvzyk rtkynphyuxdrsvzwxqqvxcxhfqytfpqvblkkrffj, lastname=, phone=], ContactData[id=442, name=, lastname=, phone=], ContactData[id=443, name=, lastname=, phone=], ContactData[id=444, name=contactphone, lastname=, phone=], ContactData[id=445, name=contact lastname, lastname=, phone=], ContactData[id=446, name=contact lastname contactphone, lastname=, phone=], ContactData[id=447, name=contact name, lastname=, phone=], ContactData[id=448, name=contact name contactphone, lastname=, phone=], ContactData[id=449, name=contact lastname contact name, lastname=, phone=], ContactData[id=450, name=contact lastname contact name contactphone, lastname=, phone=], ContactData[id=451, name=, lastname=, phone=], ContactData[id=452, name=slfrhrjqqa cmtbrqwppj tvvcvynadw, lastname=, phone=], ContactData[id=453, name=arxszftxwvwmakaqpcyq rukjieseojvvumdwdfrl eyqvdbntvhdpcdzmehxr, lastname=, phone=], ContactData[id=454, name=aauynqjcgebssbtsurwosjasvcwouv vrqrgqvkqucpeiqphbqzllfhtwygwv ktorynpbibzysexolyfralffxuxvtt, lastname=, phone=], ContactData[id=455, name=gwozrkajmlsxlbohzyauxgidekccqfeqtjvkkmjp nvdhdlijgfdusuzwgsamvxadwvvstvgzczhdkepa rmpkkpdsmucmyyhvrhtservrfykmflzoaydxhjvz, lastname=, phone=], ContactData[id=456, name=, lastname=, phone=], ContactData[id=457, name=contactphone, lastname=, phone=], ContactData[id=458, name=, lastname=, phone=], ContactData[id=459, name=contactphone, lastname=, phone=], ContactData[id=460, name=contact lastname, lastname=, phone=], ContactData[id=461, name=, lastname=, phone=]]&gt;" type="org.opentest4j.AssertionFailedError">org.opentest4j.AssertionFailedError: expected: &lt;[ContactData[id=429, name=, lastname=, phone=], ContactData[id=430, name=contactphone, lastname=, phone=], ContactData[id=431, name=contact lastname, lastname=, phone=], ContactData[id=432, name=contact lastname contactphone, lastname=, phone=], ContactData[id=433, name=contact name, lastname=, phone=], ContactData[id=434, name=contact name contactphone, lastname=, phone=], ContactData[id=435, name=contact lastname contact name, lastname=, phone=], ContactData[id=436, name=contact lastname contact name contactphone, lastname=, phone=], ContactData[id=437, name=, lastname=, phone=], ContactData[id=438, name=fnwmzrekoi wdusvwmfdh ssxyljdote, lastname=, phone=], ContactData[id=439, name=hzpnjsbtquaqyksbbzgq czmohjzilaicrhoycpab tlfynkdmjywzftrgpbiy, lastname=, phone=], ContactData[id=440, name=yxdtjstqgsfsacdhgcsbuphrmvrrfx jlldngogdvnndqzmpfsyawoltuzlcu uopykotsdbwkqahjxalbkktdjjfpag, lastname=, phone=], ContactData[id=441, name=phrsqqfstswzobypalqpbbwdpmetcrdunjttizyh udgvzktolhrxkuwndjepoxtdfdcpciyzwrmdvzyk rtkynphyuxdrsvzwxqqvxcxhfqytfpqvblkkrffj, lastname=, phone=], ContactData[id=442, name=, lastname=, phone=], ContactData[id=443, name=, lastname=, phone=], ContactData[id=444, name=contactphone, lastname=, phone=], ContactData[id=445, name=contact lastname, lastname=, phone=], ContactData[id=446, name=contact lastname contactphone, lastname=, phone=], ContactData[id=447, name=contact name, lastname=, phone=], ContactData[id=448, name=contact name contactphone, lastname=, phone=], ContactData[id=449, name=contact lastname contact name, lastname=, phone=], ContactData[id=450, name=contact lastname contact name contactphone, lastname=, phone=], ContactData[id=451, name=, lastname=, phone=], ContactData[id=452, name=slfrhrjqqa cmtbrqwppj tvvcvynadw, lastname=, phone=], ContactData[id=453, name=arxszftxwvwmakaqpcyq rukjieseojvvumdwdfrl eyqvdbntvhdpcdzmehxr, lastname=, phone=], ContactData[id=454, name=aauynqjcgebssbtsurwosjasvcwouv vrqrgqvkqucpeiqphbqzllfhtwygwv ktorynpbibzysexolyfralffxuxvtt, lastname=, phone=], ContactData[id=455, name=gwozrkajmlsxlbohzyauxgidekccqfeqtjvkkmjp nvdhdlijgfdusuzwgsamvxadwvvstvgzczhdkepa rmpkkpdsmucmyyhvrhtservrfykmflzoaydxhjvz, lastname=, phone=], ContactData[id=456, name=, lastname=, phone=], ContactData[id=457, name=contactphone, lastname=, phone=], ContactData[id=458, name=, lastname=, phone=], ContactData[id=459, name=contactphone, lastname=, phone=], ContactData[id=460, name=contact lastname, lastname=, phone=], ContactData[id=461, name=contact lastname contactphone, lastname=, phone=]]&gt; but was: &lt;[ContactData[id=429, name=, lastname=, phone=], ContactData[id=430, name=contactphone, lastname=, phone=], ContactData[id=431, name=contact lastname, lastname=, phone=], ContactData[id=432, name=contact lastname contactphone, lastname=, phone=], ContactData[id=433, name=contact name, lastname=, phone=], ContactData[id=434, name=contact name contactphone, lastname=, phone=], ContactData[id=435, name=contact lastname contact name, lastname=, phone=], ContactData[id=436, name=contact lastname contact name contactphone, lastname=, phone=], ContactData[id=437, name=, lastname=, phone=], ContactData[id=438, name=fnwmzrekoi wdusvwmfdh ssxyljdote, lastname=, phone=], ContactData[id=439, name=hzpnjsbtquaqyksbbzgq czmohjzilaicrhoycpab tlfynkdmjywzftrgpbiy, lastname=, phone=], ContactData[id=440, name=yxdtjstqgsfsacdhgcsbuphrmvrrfx jlldngogdvnndqzmpfsyawoltuzlcu uopykotsdbwkqahjxalbkktdjjfpag, lastname=, phone=], ContactData[id=441, name=phrsqqfstswzobypalqpbbwdpmetcrdunjttizyh udgvzktolhrxkuwndjepoxtdfdcpciyzwrmdvzyk rtkynphyuxdrsvzwxqqvxcxhfqytfpqvblkkrffj, lastname=, phone=], ContactData[id=442, name=, lastname=, phone=], ContactData[id=443, name=, lastname=, phone=], ContactData[id=444, name=contactphone, lastname=, phone=], ContactData[id=445, name=contact lastname, lastname=, phone=], ContactData[id=446, name=contact lastname contactphone, lastname=, phone=], ContactData[id=447, name=contact name, lastname=, phone=], ContactData[id=448, name=contact name contactphone, lastname=, phone=], ContactData[id=449, name=contact lastname contact name, lastname=, phone=], ContactData[id=450, name=contact lastname contact name contactphone, lastname=, phone=], ContactData[id=451, name=, lastname=, phone=], ContactData[id=452, name=slfrhrjqqa cmtbrqwppj tvvcvynadw, lastname=, phone=], ContactData[id=453, name=arxszftxwvwmakaqpcyq rukjieseojvvumdwdfrl eyqvdbntvhdpcdzmehxr, lastname=, phone=], ContactData[id=454, name=aauynqjcgebssbtsurwosjasvcwouv vrqrgqvkqucpeiqphbqzllfhtwygwv ktorynpbibzysexolyfralffxuxvtt, lastname=, phone=], ContactData[id=455, name=gwozrkajmlsxlbohzyauxgidekccqfeqtjvkkmjp nvdhdlijgfdusuzwgsamvxadwvvstvgzczhdkepa rmpkkpdsmucmyyhvrhtservrfykmflzoaydxhjvz, lastname=, phone=], ContactData[id=456, name=, lastname=, phone=], ContactData[id=457, name=contactphone, lastname=, phone=], ContactData[id=458, name=, lastname=, phone=], ContactData[id=459, name=contactphone, lastname=, phone=], ContactData[id=460, name=contact lastname, lastname=, phone=], ContactData[id=461, name=, lastname=, phone=]]&gt;
	at app//org.junit.jupiter.api.AssertionFailureBuilder.build(AssertionFailureBuilder.java:151)
	at app//org.junit.jupiter.api.AssertionFailureBuilder.buildAndThrow(AssertionFailureBuilder.java:132)
	at app//org.junit.jupiter.api.AssertEquals.failNotEqual(AssertEquals.java:197)
	at app//org.junit.jupiter.api.AssertEquals.assertEquals(AssertEquals.java:182)
	at app//org.junit.jupiter.api.AssertEquals.assertEquals(AssertEquals.java:177)
	at app//org.junit.jupiter.api.Assertions.assertEquals(Assertions.java:1142)
	at app//tests.ContactCreationTests.canCreateMultipleContacts(ContactCreationTests.java:76)
	at java.base@17.0.8.1/jdk.internal.reflect.NativeMethodAccessorImpl.invoke0(Native Method)
	at java.base@17.0.8.1/jdk.internal.reflect.NativeMethodAccessorImpl.invoke(NativeMethodAccessorImpl.java:77)
	at java.base@17.0.8.1/jdk.internal.reflect.DelegatingMethodAccessorImpl.invoke(DelegatingMethodAccessorImpl.java:43)
	at java.base@17.0.8.1/java.lang.reflect.Method.invoke(Method.java:568)
	at app//org.junit.platform.commons.util.ReflectionUtils.invokeMethod(ReflectionUtils.java:727)
	at app//org.junit.jupiter.engine.execution.MethodInvocation.proceed(MethodInvocation.java:60)
	at app//org.junit.jupiter.engine.execution.InvocationInterceptorChain$ValidatingInvocation.proceed(InvocationInterceptorChain.java:131)
	at app//org.junit.jupiter.engine.extension.TimeoutExtension.intercept(TimeoutExtension.java:156)
	at app//org.junit.jupiter.engine.extension.TimeoutExtension.interceptTestableMethod(TimeoutExtension.java:147)
	at app//org.junit.jupiter.engine.extension.TimeoutExtension.interceptTestTemplateMethod(TimeoutExtension.java:94)
	at app//org.junit.jupiter.engine.execution.InterceptingExecutableInvoker$ReflectiveInterceptorCall.lambda$ofVoidMethod$0(InterceptingExecutableInvoker.java:103)
	at app//org.junit.jupiter.engine.execution.InterceptingExecutableInvoker.lambda$invoke$0(InterceptingExecutableInvoker.java:93)
	at app//org.junit.jupiter.engine.execution.InvocationInterceptorChain$InterceptedInvocation.proceed(InvocationInterceptorChain.java:106)
	at app//org.junit.jupiter.engine.execution.InvocationInterceptorChain.proceed(InvocationInterceptorChain.java:64)
	at app//org.junit.jupiter.engine.execution.InvocationInterceptorChain.chainAndInvoke(InvocationInterceptorChain.java:45)
	at app//org.junit.jupiter.engine.execution.InvocationInterceptorChain.invoke(InvocationInterceptorChain.java:37)
	at app//org.junit.jupiter.engine.execution.InterceptingExecutableInvoker.invoke(InterceptingExecutableInvoker.java:92)
	at app//org.junit.jupiter.engine.execution.InterceptingExecutableInvoker.invoke(InterceptingExecutableInvoker.java:86)
	at app//org.junit.jupiter.engine.descriptor.TestMethodTestDescriptor.lambda$invokeTestMethod$7(TestMethodTestDescriptor.java:217)
	at app//org.junit.platform.engine.support.hierarchical.ThrowableCollector.execute(ThrowableCollector.java:73)
	at app//org.junit.jupiter.engine.descriptor.TestMethodTestDescriptor.invokeTestMethod(TestMethodTestDescriptor.java:213)
	at app//org.junit.jupiter.engine.descriptor.TestMethodTestDescriptor.execute(TestMethodTestDescriptor.java:138)
	at app//org.junit.jupiter.engine.descriptor.TestMethodTestDescriptor.execute(TestMethodTestDescriptor.java:68)
	at app//org.junit.platform.engine.support.hierarchical.NodeTestTask.lambda$executeRecursively$6(NodeTestTask.java:151)
	at app//org.junit.platform.engine.support.hierarchical.ThrowableCollector.execute(ThrowableCollector.java:73)
	at app//org.junit.platform.engine.support.hierarchical.NodeTestTask.lambda$executeRecursively$8(NodeTestTask.java:141)
	at app//org.junit.platform.engine.support.hierarchical.Node.around(Node.java:137)
	at app//org.junit.platform.engine.support.hierarchical.NodeTestTask.lambda$executeRecursively$9(NodeTestTask.java:139)
	at app//org.junit.platform.engine.support.hierarchical.ThrowableCollector.execute(ThrowableCollector.java:73)
	at app//org.junit.platform.engine.support.hierarchical.NodeTestTask.executeRecursively(NodeTestTask.java:138)
	at app//org.junit.platform.engine.support.hierarchical.NodeTestTask.execute(NodeTestTask.java:95)
	at app//org.junit.platform.engine.support.hierarchical.SameThreadHierarchicalTestExecutorService.submit(SameThreadHierarchicalTestExecutorService.java:35)
	at app//org.junit.platform.engine.support.hierarchical.NodeTestTask$DefaultDynamicTestExecutor.execute(NodeTestTask.java:226)
	at app//org.junit.platform.engine.support.hierarchical.NodeTestTask$DefaultDynamicTestExecutor.execute(NodeTestTask.java:204)
	at app//org.junit.jupiter.engine.descriptor.TestTemplateTestDescriptor.execute(TestTemplateTestDescriptor.java:142)
	at app//org.junit.jupiter.engine.descriptor.TestTemplateTestDescriptor.lambda$execute$2(TestTemplateTestDescriptor.java:110)
	at java.base@17.0.8.1/java.util.stream.ForEachOps$ForEachOp$OfRef.accept(ForEachOps.java:183)
	at java.base@17.0.8.1/java.util.stream.ReferencePipeline$3$1.accept(ReferencePipeline.java:197)
	at java.base@17.0.8.1/java.util.stream.ReferencePipeline$2$1.accept(ReferencePipeline.java:179)
	at java.base@17.0.8.1/java.util.stream.ReferencePipeline$3$1.accept(ReferencePipeline.java:197)
	at java.base@17.0.8.1/java.util.stream.ForEachOps$ForEachOp$OfRef.accept(ForEachOps.java:183)
	at java.base@17.0.8.1/java.util.stream.ReferencePipeline$3$1.accept(ReferencePipeline.java:197)
	at java.base@17.0.8.1/java.util.stream.ReferencePipeline$3$1.accept(ReferencePipeline.java:197)
	at java.base@17.0.8.1/java.util.stream.ReferencePipeline$3$1.accept(ReferencePipeline.java:197)
	at java.base@17.0.8.1/java.util.stream.ForEachOps$ForEachOp$OfRef.accept(ForEachOps.java:183)
	at java.base@17.0.8.1/java.util.stream.ReferencePipeline$3$1.accept(ReferencePipeline.java:197)
	at java.base@17.0.8.1/java.util.ArrayList$ArrayListSpliterator.forEachRemaining(ArrayList.java:1625)
	at java.base@17.0.8.1/java.util.stream.ReferencePipeline$Head.forEach(ReferencePipeline.java:762)
	at java.base@17.0.8.1/java.util.stream.ReferencePipeline$7$1.accept(ReferencePipeline.java:276)
	at java.base@17.0.8.1/java.util.stream.ReferencePipeline$3$1.accept(ReferencePipeline.java:197)
	at java.base@17.0.8.1/java.util.stream.ReferencePipeline$3$1.accept(ReferencePipeline.java:197)
	at java.base@17.0.8.1/java.util.Spliterators$ArraySpliterator.forEachRemaining(Spliterators.java:992)
	at java.base@17.0.8.1/java.util.stream.AbstractPipeline.copyInto(AbstractPipeline.java:509)
	at java.base@17.0.8.1/java.util.stream.AbstractPipeline.wrapAndCopyInto(AbstractPipeline.java:499)
	at java.base@17.0.8.1/java.util.stream.ForEachOps$ForEachOp.evaluateSequential(ForEachOps.java:150)
	at java.base@17.0.8.1/java.util.stream.ForEachOps$ForEachOp$OfRef.evaluateSequential(ForEachOps.java:173)
	at java.base@17.0.8.1/java.util.stream.AbstractPipeline.evaluate(AbstractPipeline.java:234)
	at java.base@17.0.8.1/java.util.stream.ReferencePipeline.forEach(ReferencePipeline.java:596)
	at java.base@17.0.8.1/java.util.stream.ReferencePipeline$7$1.accept(ReferencePipeline.java:276)
	at java.base@17.0.8.1/java.util.stream.ReferencePipeline$3$1.accept(ReferencePipeline.java:197)
	at java.base@17.0.8.1/java.util.stream.ReferencePipeline$3$1.accept(ReferencePipeline.java:197)
	at java.base@17.0.8.1/java.util.stream.ReferencePipeline$3$1.accept(ReferencePipeline.java:197)
	at java.base@17.0.8.1/java.util.ArrayList$ArrayListSpliterator.forEachRemaining(ArrayList.java:1625)
	at java.base@17.0.8.1/java.util.stream.AbstractPipeline.copyInto(AbstractPipeline.java:509)
	at java.base@17.0.8.1/java.util.stream.AbstractPipeline.wrapAndCopyInto(AbstractPipeline.java:499)
	at java.base@17.0.8.1/java.util.stream.ForEachOps$ForEachOp.evaluateSequential(ForEachOps.java:150)
	at java.base@17.0.8.1/java.util.stream.ForEachOps$ForEachOp$OfRef.evaluateSequential(ForEachOps.java:173)
	at java.base@17.0.8.1/java.util.stream.AbstractPipeline.evaluate(AbstractPipeline.java:234)
	at java.base@17.0.8.1/java.util.stream.ReferencePipeline.forEach(ReferencePipeline.java:596)
	at java.base@17.0.8.1/java.util.stream.ReferencePipeline$7$1.accept(ReferencePipeline.java:276)
	at java.base@17.0.8.1/java.util.ArrayList$ArrayListSpliterator.forEachRemaining(ArrayList.java:1625)
	at java.base@17.0.8.1/java.util.stream.AbstractPipeline.copyInto(AbstractPipeline.java:509)
	at java.base@17.0.8.1/java.util.stream.AbstractPipeline.wrapAndCopyInto(AbstractPipeline.java:499)
	at java.base@17.0.8.1/java.util.stream.ForEachOps$ForEachOp.evaluateSequential(ForEachOps.java:150)
	at java.base@17.0.8.1/java.util.stream.ForEachOps$ForEachOp$OfRef.evaluateSequential(ForEachOps.java:173)
	at java.base@17.0.8.1/java.util.stream.AbstractPipeline.evaluate(AbstractPipeline.java:234)
	at java.base@17.0.8.1/java.util.stream.ReferencePipeline.forEach(ReferencePipeline.java:596)
	at app//org.junit.jupiter.engine.descriptor.TestTemplateTestDescriptor.execute(TestTemplateTestDescriptor.java:110)
	at app//org.junit.jupiter.engine.descriptor.TestTemplateTestDescriptor.execute(TestTemplateTestDescriptor.java:44)
	at app//org.junit.platform.engine.support.hierarchical.NodeTestTask.lambda$executeRecursively$6(NodeTestTask.java:151)
	at app//org.junit.platform.engine.support.hierarchical.ThrowableCollector.execute(ThrowableCollector.java:73)
	at app//org.junit.platform.engine.support.hierarchical.NodeTestTask.lambda$executeRecursively$8(NodeTestTask.java:141)
	at app//org.junit.platform.engine.support.hierarchical.Node.around(Node.java:137)
	at app//org.junit.platform.engine.support.hierarchical.NodeTestTask.lambda$executeRecursively$9(NodeTestTask.java:139)
	at app//org.junit.platform.engine.support.hierarchical.ThrowableCollector.execute(ThrowableCollector.java:73)
	at app//org.junit.platform.engine.support.hierarchical.NodeTestTask.executeRecursively(NodeTestTask.java:138)
	at app//org.junit.platform.engine.support.hierarchical.NodeTestTask.execute(NodeTestTask.java:95)
	at java.base@17.0.8.1/java.util.ArrayList.forEach(ArrayList.java:1511)
	at app//org.junit.platform.engine.support.hierarchical.SameThreadHierarchicalTestExecutorService.invokeAll(SameThreadHierarchicalTestExecutorService.java:41)
	at app//org.junit.platform.engine.support.hierarchical.NodeTestTask.lambda$executeRecursively$6(NodeTestTask.java:155)
	at app//org.junit.platform.engine.support.hierarchical.ThrowableCollector.execute(ThrowableCollector.java:73)
	at app//org.junit.platform.engine.support.hierarchical.NodeTestTask.lambda$executeRecursively$8(NodeTestTask.java:141)
	at app//org.junit.platform.engine.support.hierarchical.Node.around(Node.java:137)
	at app//org.junit.platform.engine.support.hierarchical.NodeTestTask.lambda$executeRecursively$9(NodeTestTask.java:139)
	at app//org.junit.platform.engine.support.hierarchical.ThrowableCollector.execute(ThrowableCollector.java:73)
	at app//org.junit.platform.engine.support.hierarchical.NodeTestTask.executeRecursively(NodeTestTask.java:138)
	at app//org.junit.platform.engine.support.hierarchical.NodeTestTask.execute(NodeTestTask.java:95)
	at java.base@17.0.8.1/java.util.ArrayList.forEach(ArrayList.java:1511)
	at app//org.junit.platform.engine.support.hierarchical.SameThreadHierarchicalTestExecutorService.invokeAll(SameThreadHierarchicalTestExecutorService.java:41)
	at app//org.junit.platform.engine.support.hierarchical.NodeTestTask.lambda$executeRecursively$6(NodeTestTask.java:155)
	at app//org.junit.platform.engine.support.hierarchical.ThrowableCollector.execute(ThrowableCollector.java:73)
	at app//org.junit.platform.engine.support.hierarchical.NodeTestTask.lambda$executeRecursively$8(NodeTestTask.java:141)
	at app//org.junit.platform.engine.support.hierarchical.Node.around(Node.java:137)
	at app//org.junit.platform.engine.support.hierarchical.NodeTestTask.lambda$executeRecursively$9(NodeTestTask.java:139)
	at app//org.junit.platform.engine.support.hierarchical.ThrowableCollector.execute(ThrowableCollector.java:73)
	at app//org.junit.platform.engine.support.hierarchical.NodeTestTask.executeRecursively(NodeTestTask.java:138)
	at app//org.junit.platform.engine.support.hierarchical.NodeTestTask.execute(NodeTestTask.java:95)
	at app//org.junit.platform.engine.support.hierarchical.SameThreadHierarchicalTestExecutorService.submit(SameThreadHierarchicalTestExecutorService.java:35)
	at app//org.junit.platform.engine.support.hierarchical.HierarchicalTestExecutor.execute(HierarchicalTestExecutor.java:57)
	at app//org.junit.platform.engine.support.hierarchical.HierarchicalTestEngine.execute(HierarchicalTestEngine.java:54)
	at app//org.junit.platform.launcher.core.EngineExecutionOrchestrator.execute(EngineExecutionOrchestrator.java:107)
	at app//org.junit.platform.launcher.core.EngineExecutionOrchestrator.execute(EngineExecutionOrchestrator.java:88)
	at app//org.junit.platform.launcher.core.EngineExecutionOrchestrator.lambda$execute$0(EngineExecutionOrchestrator.java:54)
	at app//org.junit.platform.launcher.core.EngineExecutionOrchestrator.withInterceptedStreams(EngineExecutionOrchestrator.java:67)
	at app//org.junit.platform.launcher.core.EngineExecutionOrchestrator.execute(EngineExecutionOrchestrator.java:52)
	at app//org.junit.platform.launcher.core.DefaultLauncher.execute(DefaultLauncher.java:114)
	at app//org.junit.platform.launcher.core.DefaultLauncher.execute(DefaultLauncher.java:86)
	at app//org.junit.platform.launcher.core.DefaultLauncherSession$DelegatingLauncher.execute(DefaultLauncherSession.java:86)
	at org.gradle.api.internal.tasks.testing.junitplatform.JUnitPlatformTestClassProcessor$CollectAllTestClassesExecutor.processAllTestClasses(JUnitPlatformTestClassProcessor.java:110)
	at org.gradle.api.internal.tasks.testing.junitplatform.JUnitPlatformTestClassProcessor$CollectAllTestClassesExecutor.access$000(JUnitPlatformTestClassProcessor.java:90)
	at org.gradle.api.internal.tasks.testing.junitplatform.JUnitPlatformTestClassProcessor.stop(JUnitPlatformTestClassProcessor.java:85)
	at org.gradle.api.internal.tasks.testing.SuiteTestClassProcessor.stop(SuiteTestClassProcessor.java:62)
	at java.base@17.0.8.1/jdk.internal.reflect.NativeMethodAccessorImpl.invoke0(Native Method)
	at java.base@17.0.8.1/jdk.internal.reflect.NativeMethodAccessorImpl.invoke(NativeMethodAccessorImpl.java:77)
	at java.base@17.0.8.1/jdk.internal.reflect.DelegatingMethodAccessorImpl.invoke(DelegatingMethodAccessorImpl.java:43)
	at java.base@17.0.8.1/java.lang.reflect.Method.invoke(Method.java:568)
	at org.gradle.internal.dispatch.ReflectionDispatch.dispatch(ReflectionDispatch.java:36)
	at org.gradle.internal.dispatch.ReflectionDispatch.dispatch(ReflectionDispatch.java:24)
	at org.gradle.internal.dispatch.ContextClassLoaderDispatch.dispatch(ContextClassLoaderDispatch.java:33)
	at org.gradle.internal.dispatch.ProxyDispatchAdapter$DispatchingInvocationHandler.invoke(ProxyDispatchAdapter.java:94)
	at jdk.proxy1/jdk.proxy1.$Proxy2.stop(Unknown Source)
	at org.gradle.api.internal.tasks.testing.worker.TestWorker$3.run(TestWorker.java:193)
	at org.gradle.api.internal.tasks.testing.worker.TestWorker.executeAndMaintainThreadName(TestWorker.java:129)
	at org.gradle.api.internal.tasks.testing.worker.TestWorker.execute(TestWorker.java:100)
	at org.gradle.api.internal.tasks.testing.worker.TestWorker.execute(TestWorker.java:60)
	at org.gradle.process.internal.worker.child.ActionExecutionWorker.execute(ActionExecutionWorker.java:56)
	at org.gradle.process.internal.worker.child.SystemApplicationClassLoaderWorker.call(SystemApplicationClassLoaderWorker.java:113)
	at org.gradle.process.internal.worker.child.SystemApplicationClassLoaderWorker.call(SystemApplicationClassLoaderWorker.java:65)
	at app//worker.org.gradle.process.internal.worker.GradleWorkerMain.run(GradleWorkerMain.java:69)
	at app//worker.org.gradle.process.internal.worker.GradleWorkerMain.main(GradleWorkerMain.java:74)
</failure>
  </testcase>
  <testcase name="[5] ContactData[id=, name=contact name, lastname=, phone=]" classname="tests.ContactCreationTests" time="3.197">
[...]
    <failure message="org.openqa.selenium.NoSuchWindowException: no such window: target window already closed&#10;from unknown error: web view not found&#10;  (Session info: chrome=118.0.5993.120)&#10;Build info: version: '4.14.1', revision: '03f8ede370'&#10;System info: os.name: 'Windows 10', os.arch: 'amd64', os.version: '10.0', java.version: '17.0.8.1'&#10;Driver info: org.openqa.selenium.chrome.ChromeDriver&#10;Command: [71dc26e26efa6c10b087bc7b7b6732c5, findElement {using=link text, value=home}]&#10;Capabilities {acceptInsecureCerts: false, browserName: chrome, browserVersion: 118.0.5993.120, chrome: {chromedriverVersion: 118.0.5993.70 (e52f33f30b91..., userDataDir: C:\Users\03C6~1\AppData\Loc...}, fedcm:accounts: true, goog:chromeOptions: {debuggerAddress: localhost:53614}, networkConnectionEnabled: false, pageLoadStrategy: normal, platformName: windows, proxy: Proxy(), se:cdp: ws://localhost:53614/devtoo..., se:cdpVersion: 118.0.5993.120, setWindowRect: true, strictFileInteractability: false, timeouts: {implicit: 0, pageLoad: 300000, script: 30000}, unhandledPromptBehavior: dismiss and notify, webauthn:extension:credBlob: true, webauthn:extension:largeBlob: true, webauthn:extension:minPinLength: true, webauthn:extension:prf: true, webauthn:virtualAuthenticators: true}&#10;Session ID: 71dc26e26efa6c10b087bc7b7b6732c5" type="org.openqa.selenium.NoSuchWindowException">org.openqa.selenium.NoSuchWindowException: no such window: target window already closed
from unknown error: web view not found
  (Session info: chrome=118.0.5993.120)
Build info: version: '4.14.1', revision: '03f8ede370'
System info: os.name: 'Windows 10', os.arch: 'amd64', os.version: '10.0', java.version: '17.0.8.1'
Driver info: org.openqa.selenium.chrome.ChromeDriver
Command: [71dc26e26efa6c10b087bc7b7b6732c5, findElement {using=link text, value=home}]
Capabilities {acceptInsecureCerts: false, browserName: chrome, browserVersion: 118.0.5993.120, chrome: {chromedriverVersion: 118.0.5993.70 (e52f33f30b91..., userDataDir: C:\Users\03C6~1\AppData\Loc...}, fedcm:accounts: true, goog:chromeOptions: {debuggerAddress: localhost:53614}, networkConnectionEnabled: false, pageLoadStrategy: normal, platformName: windows, proxy: Proxy(), se:cdp: ws://localhost:53614/devtoo..., se:cdpVersion: 118.0.5993.120, setWindowRect: true, strictFileInteractability: false, timeouts: {implicit: 0, pageLoad: 300000, script: 30000}, unhandledPromptBehavior: dismiss and notify, webauthn:extension:credBlob: true, webauthn:extension:largeBlob: true, webauthn:extension:minPinLength: true, webauthn:extension:prf: true, webauthn:virtualAuthenticators: true}
Session ID: 71dc26e26efa6c10b087bc7b7b6732c5
	at java.base@17.0.8.1/jdk.internal.reflect.NativeConstructorAccessorImpl.newInstance0(Native Method)
	at java.base@17.0.8.1/jdk.internal.reflect.NativeConstructorAccessorImpl.newInstance(NativeConstructorAccessorImpl.java:77)
	at java.base@17.0.8.1/jdk.internal.reflect.DelegatingConstructorAccessorImpl.newInstance(DelegatingConstructorAccessorImpl.java:45)
	at java.base@17.0.8.1/java.lang.reflect.Constructor.newInstanceWithCaller(Constructor.java:499)
	at java.base@17.0.8.1/java.lang.reflect.Constructor.newInstance(Constructor.java:480)
	at app//org.openqa.selenium.remote.codec.w3c.W3CHttpResponseCodec.createException(W3CHttpResponseCodec.java:200)
	at app//org.openqa.selenium.remote.codec.w3c.W3CHttpResponseCodec.decode(W3CHttpResponseCodec.java:133)
	at app//org.openqa.selenium.remote.codec.w3c.W3CHttpResponseCodec.decode(W3CHttpResponseCodec.java:52)
	at app//org.openqa.selenium.remote.HttpCommandExecutor.execute(HttpCommandExecutor.java:191)
	at app//org.openqa.selenium.remote.service.DriverCommandExecutor.invokeExecute(DriverCommandExecutor.java:200)
	at app//org.openqa.selenium.remote.service.DriverCommandExecutor.execute(DriverCommandExecutor.java:175)
	at app//org.openqa.selenium.remote.RemoteWebDriver.execute(RemoteWebDriver.java:602)
	at app//org.openqa.selenium.remote.ElementLocation$ElementFinder$2.findElement(ElementLocation.java:165)
	at app//org.openqa.selenium.remote.ElementLocation.findElement(ElementLocation.java:59)
	at app//org.openqa.selenium.remote.RemoteWebDriver.findElement(RemoteWebDriver.java:359)
	at app//org.openqa.selenium.remote.RemoteWebDriver.findElement(RemoteWebDriver.java:353)
	at app//manager.ContactHelper.openContactsPage(ContactHelper.java:26)
	at app//manager.ContactHelper.getListContacts(ContactHelper.java:114)
	at app//tests.ContactCreationTests.canCreateMultipleContacts(ContactCreationTests.java:66)
	at java.base@17.0.8.1/jdk.internal.reflect.NativeMethodAccessorImpl.invoke0(Native Method)
	at java.base@17.0.8.1/jdk.internal.reflect.NativeMethodAccessorImpl.invoke(NativeMethodAccessorImpl.java:77)
	at java.base@17.0.8.1/jdk.internal.reflect.DelegatingMethodAccessorImpl.invoke(DelegatingMethodAccessorImpl.java:43)
	at java.base@17.0.8.1/java.lang.reflect.Method.invoke(Method.java:568)
	at app//org.junit.platform.commons.util.ReflectionUtils.invokeMethod(ReflectionUtils.java:727)
	at app//org.junit.jupiter.engine.execution.MethodInvocation.proceed(MethodInvocation.java:60)
	at app//org.junit.jupiter.engine.execution.InvocationInterceptorChain$ValidatingInvocation.proceed(InvocationInterceptorChain.java:131)
	at app//org.junit.jupiter.engine.extension.TimeoutExtension.intercept(TimeoutExtension.java:156)
	at app//org.junit.jupiter.engine.extension.TimeoutExtension.interceptTestableMethod(TimeoutExtension.java:147)
	at app//org.junit.jupiter.engine.extension.TimeoutExtension.interceptTestTemplateMethod(TimeoutExtension.java:94)
	at app//org.junit.jupiter.engine.execution.InterceptingExecutableInvoker$ReflectiveInterceptorCall.lambda$ofVoidMethod$0(InterceptingExecutableInvoker.java:103)
	at app//org.junit.jupiter.engine.execution.InterceptingExecutableInvoker.lambda$invoke$0(InterceptingExecutableInvoker.java:93)
	at app//org.junit.jupiter.engine.execution.InvocationInterceptorChain$InterceptedInvocation.proceed(InvocationInterceptorChain.java:106)
	at app//org.junit.jupiter.engine.execution.InvocationInterceptorChain.proceed(InvocationInterceptorChain.java:64)
	at app//org.junit.jupiter.engine.execution.InvocationInterceptorChain.chainAndInvoke(InvocationInterceptorChain.java:45)
	at app//org.junit.jupiter.engine.execution.InvocationInterceptorChain.invoke(InvocationInterceptorChain.java:37)
	at app//org.junit.jupiter.engine.execution.InterceptingExecutableInvoker.invoke(InterceptingExecutableInvoker.java:92)
	at app//org.junit.jupiter.engine.execution.InterceptingExecutableInvoker.invoke(InterceptingExecutableInvoker.java:86)
	at app//org.junit.jupiter.engine.descriptor.TestMethodTestDescriptor.lambda$invokeTestMethod$7(TestMethodTestDescriptor.java:217)
	at app//org.junit.platform.engine.support.hierarchical.ThrowableCollector.execute(ThrowableCollector.java:73)
	at app//org.junit.jupiter.engine.descriptor.TestMethodTestDescriptor.invokeTestMethod(TestMethodTestDescriptor.java:213)
	at app//org.junit.jupiter.engine.descriptor.TestMethodTestDescriptor.execute(TestMethodTestDescriptor.java:138)
	at app//org.junit.jupiter.engine.descriptor.TestMethodTestDescriptor.execute(TestMethodTestDescriptor.java:68)
	at app//org.junit.platform.engine.support.hierarchical.NodeTestTask.lambda$executeRecursively$6(NodeTestTask.java:151)
	at app//org.junit.platform.engine.support.hierarchical.ThrowableCollector.execute(ThrowableCollector.java:73)
	at app//org.junit.platform.engine.support.hierarchical.NodeTestTask.lambda$executeRecursively$8(NodeTestTask.java:141)
	at app//org.junit.platform.engine.support.hierarchical.Node.around(Node.java:137)
	at app//org.junit.platform.engine.support.hierarchical.NodeTestTask.lambda$executeRecursively$9(NodeTestTask.java:139)
	at app//org.junit.platform.engine.support.hierarchical.ThrowableCollector.execute(ThrowableCollector.java:73)
	at app//org.junit.platform.engine.support.hierarchical.NodeTestTask.executeRecursively(NodeTestTask.java:138)
	at app//org.junit.platform.engine.support.hierarchical.NodeTestTask.execute(NodeTestTask.java:95)
	at app//org.junit.platform.engine.support.hierarchical.SameThreadHierarchicalTestExecutorService.submit(SameThreadHierarchicalTestExecutorService.java:35)
	at app//org.junit.platform.engine.support.hierarchical.NodeTestTask$DefaultDynamicTestExecutor.execute(NodeTestTask.java:226)
	at app//org.junit.platform.engine.support.hierarchical.NodeTestTask$DefaultDynamicTestExecutor.execute(NodeTestTask.java:204)
	at app//org.junit.jupiter.engine.descriptor.TestTemplateTestDescriptor.execute(TestTemplateTestDescriptor.java:142)
	at app//org.junit.jupiter.engine.descriptor.TestTemplateTestDescriptor.lambda$execute$2(TestTemplateTestDescriptor.java:110)
	at java.base@17.0.8.1/java.util.stream.ForEachOps$ForEachOp$OfRef.accept(ForEachOps.java:183)
	at java.base@17.0.8.1/java.util.stream.ReferencePipeline$3$1.accept(ReferencePipeline.java:197)
	at java.base@17.0.8.1/java.util.stream.ReferencePipeline$2$1.accept(ReferencePipeline.java:179)
	at java.base@17.0.8.1/java.util.stream.ReferencePipeline$3$1.accept(ReferencePipeline.java:197)
	at java.base@17.0.8.1/java.util.stream.ForEachOps$ForEachOp$OfRef.accept(ForEachOps.java:183)
	at java.base@17.0.8.1/java.util.stream.ReferencePipeline$3$1.accept(ReferencePipeline.java:197)
	at java.base@17.0.8.1/java.util.stream.ReferencePipeline$3$1.accept(ReferencePipeline.java:197)
	at java.base@17.0.8.1/java.util.stream.ReferencePipeline$3$1.accept(ReferencePipeline.java:197)
	at java.base@17.0.8.1/java.util.stream.ForEachOps$ForEachOp$OfRef.accept(ForEachOps.java:183)
	at java.base@17.0.8.1/java.util.stream.ReferencePipeline$3$1.accept(ReferencePipeline.java:197)
	at java.base@17.0.8.1/java.util.ArrayList$ArrayListSpliterator.forEachRemaining(ArrayList.java:1625)
	at java.base@17.0.8.1/java.util.stream.ReferencePipeline$Head.forEach(ReferencePipeline.java:762)
	at java.base@17.0.8.1/java.util.stream.ReferencePipeline$7$1.accept(ReferencePipeline.java:276)
	at java.base@17.0.8.1/java.util.stream.ReferencePipeline$3$1.accept(ReferencePipeline.java:197)
	at java.base@17.0.8.1/java.util.stream.ReferencePipeline$3$1.accept(ReferencePipeline.java:197)
	at java.base@17.0.8.1/java.util.Spliterators$ArraySpliterator.forEachRemaining(Spliterators.java:992)
	at java.base@17.0.8.1/java.util.stream.AbstractPipeline.copyInto(AbstractPipeline.java:509)
	at java.base@17.0.8.1/java.util.stream.AbstractPipeline.wrapAndCopyInto(AbstractPipeline.java:499)
	at java.base@17.0.8.1/java.util.stream.ForEachOps$ForEachOp.evaluateSequential(ForEachOps.java:150)
	at java.base@17.0.8.1/java.util.stream.ForEachOps$ForEachOp$OfRef.evaluateSequential(ForEachOps.java:173)
	at java.base@17.0.8.1/java.util.stream.AbstractPipeline.evaluate(AbstractPipeline.java:234)
	at java.base@17.0.8.1/java.util.stream.ReferencePipeline.forEach(ReferencePipeline.java:596)
	at java.base@17.0.8.1/java.util.stream.ReferencePipeline$7$1.accept(ReferencePipeline.java:276)
	at java.base@17.0.8.1/java.util.stream.ReferencePipeline$3$1.accept(ReferencePipeline.java:197)
	at java.base@17.0.8.1/java.util.stream.ReferencePipeline$3$1.accept(ReferencePipeline.java:197)
	at java.base@17.0.8.1/java.util.stream.ReferencePipeline$3$1.accept(ReferencePipeline.java:197)
	at java.base@17.0.8.1/java.util.ArrayList$ArrayListSpliterator.forEachRemaining(ArrayList.java:1625)
	at java.base@17.0.8.1/java.util.stream.AbstractPipeline.copyInto(AbstractPipeline.java:509)
	at java.base@17.0.8.1/java.util.stream.AbstractPipeline.wrapAndCopyInto(AbstractPipeline.java:499)
	at java.base@17.0.8.1/java.util.stream.ForEachOps$ForEachOp.evaluateSequential(ForEachOps.java:150)
	at java.base@17.0.8.1/java.util.stream.ForEachOps$ForEachOp$OfRef.evaluateSequential(ForEachOps.java:173)
	at java.base@17.0.8.1/java.util.stream.AbstractPipeline.evaluate(AbstractPipeline.java:234)
	at java.base@17.0.8.1/java.util.stream.ReferencePipeline.forEach(ReferencePipeline.java:596)
	at java.base@17.0.8.1/java.util.stream.ReferencePipeline$7$1.accept(ReferencePipeline.java:276)
	at java.base@17.0.8.1/java.util.ArrayList$ArrayListSpliterator.forEachRemaining(ArrayList.java:1625)
	at java.base@17.0.8.1/java.util.stream.AbstractPipeline.copyInto(AbstractPipeline.java:509)
	at java.base@17.0.8.1/java.util.stream.AbstractPipeline.wrapAndCopyInto(AbstractPipeline.java:499)
	at java.base@17.0.8.1/java.util.stream.ForEachOps$ForEachOp.evaluateSequential(ForEachOps.java:150)
	at java.base@17.0.8.1/java.util.stream.ForEachOps$ForEachOp$OfRef.evaluateSequential(ForEachOps.java:173)
	at java.base@17.0.8.1/java.util.stream.AbstractPipeline.evaluate(AbstractPipeline.java:234)
	at java.base@17.0.8.1/java.util.stream.ReferencePipeline.forEach(ReferencePipeline.java:596)
	at app//org.junit.jupiter.engine.descriptor.TestTemplateTestDescriptor.execute(TestTemplateTestDescriptor.java:110)
	at app//org.junit.jupiter.engine.descriptor.TestTemplateTestDescriptor.execute(TestTemplateTestDescriptor.java:44)
	at app//org.junit.platform.engine.support.hierarchical.NodeTestTask.lambda$executeRecursively$6(NodeTestTask.java:151)
	at app//org.junit.platform.engine.support.hierarchical.ThrowableCollector.execute(ThrowableCollector.java:73)
	at app//org.junit.platform.engine.support.hierarchical.NodeTestTask.lambda$executeRecursively$8(NodeTestTask.java:141)
	at app//org.junit.platform.engine.support.hierarchical.Node.around(Node.java:137)
	at app//org.junit.platform.engine.support.hierarchical.NodeTestTask.lambda$executeRecursively$9(NodeTestTask.java:139)
	at app//org.junit.platform.engine.support.hierarchical.ThrowableCollector.execute(ThrowableCollector.java:73)
	at app//org.junit.platform.engine.support.hierarchical.NodeTestTask.executeRecursively(NodeTestTask.java:138)
	at app//org.junit.platform.engine.support.hierarchical.NodeTestTask.execute(NodeTestTask.java:95)
	at java.base@17.0.8.1/java.util.ArrayList.forEach(ArrayList.java:1511)
	at app//org.junit.platform.engine.support.hierarchical.SameThreadHierarchicalTestExecutorService.invokeAll(SameThreadHierarchicalTestExecutorService.java:41)
	at app//org.junit.platform.engine.support.hierarchical.NodeTestTask.lambda$executeRecursively$6(NodeTestTask.java:155)
	at app//org.junit.platform.engine.support.hierarchical.ThrowableCollector.execute(ThrowableCollector.java:73)
	at app//org.junit.platform.engine.support.hierarchical.NodeTestTask.lambda$executeRecursively$8(NodeTestTask.java:141)
	at app//org.junit.platform.engine.support.hierarchical.Node.around(Node.java:137)
	at app//org.junit.platform.engine.support.hierarchical.NodeTestTask.lambda$executeRecursively$9(NodeTestTask.java:139)
	at app//org.junit.platform.engine.support.hierarchical.ThrowableCollector.execute(ThrowableCollector.java:73)
	at app//org.junit.platform.engine.support.hierarchical.NodeTestTask.executeRecursively(NodeTestTask.java:138)
	at app//org.junit.platform.engine.support.hierarchical.NodeTestTask.execute(NodeTestTask.java:95)
	at java.base@17.0.8.1/java.util.ArrayList.forEach(ArrayList.java:1511)
	at app//org.junit.platform.engine.support.hierarchical.SameThreadHierarchicalTestExecutorService.invokeAll(SameThreadHierarchicalTestExecutorService.java:41)
	at app//org.junit.platform.engine.support.hierarchical.NodeTestTask.lambda$executeRecursively$6(NodeTestTask.java:155)
	at app//org.junit.platform.engine.support.hierarchical.ThrowableCollector.execute(ThrowableCollector.java:73)
	at app//org.junit.platform.engine.support.hierarchical.NodeTestTask.lambda$executeRecursively$8(NodeTestTask.java:141)
	at app//org.junit.platform.engine.support.hierarchical.Node.around(Node.java:137)
	at app//org.junit.platform.engine.support.hierarchical.NodeTestTask.lambda$executeRecursively$9(NodeTestTask.java:139)
	at app//org.junit.platform.engine.support.hierarchical.ThrowableCollector.execute(ThrowableCollector.java:73)
	at app//org.junit.platform.engine.support.hierarchical.NodeTestTask.executeRecursively(NodeTestTask.java:138)
	at app//org.junit.platform.engine.support.hierarchical.NodeTestTask.execute(NodeTestTask.java:95)
	at app//org.junit.platform.engine.support.hierarchical.SameThreadHierarchicalTestExecutorService.submit(SameThreadHierarchicalTestExecutorService.java:35)
	at app//org.junit.platform.engine.support.hierarchical.HierarchicalTestExecutor.execute(HierarchicalTestExecutor.java:57)
	at app//org.junit.platform.engine.support.hierarchical.HierarchicalTestEngine.execute(HierarchicalTestEngine.java:54)
	at app//org.junit.platform.launcher.core.EngineExecutionOrchestrator.execute(EngineExecutionOrchestrator.java:107)
	at app//org.junit.platform.launcher.core.EngineExecutionOrchestrator.execute(EngineExecutionOrchestrator.java:88)
	at app//org.junit.platform.launcher.core.EngineExecutionOrchestrator.lambda$execute$0(EngineExecutionOrchestrator.java:54)
	at app//org.junit.platform.launcher.core.EngineExecutionOrchestrator.withInterceptedStreams(EngineExecutionOrchestrator.java:67)
	at app//org.junit.platform.launcher.core.EngineExecutionOrchestrator.execute(EngineExecutionOrchestrator.java:52)
	at app//org.junit.platform.launcher.core.DefaultLauncher.execute(DefaultLauncher.java:114)
	at app//org.junit.platform.launcher.core.DefaultLauncher.execute(DefaultLauncher.java:86)
	at app//org.junit.platform.launcher.core.DefaultLauncherSession$DelegatingLauncher.execute(DefaultLauncherSession.java:86)
	at org.gradle.api.internal.tasks.testing.junitplatform.JUnitPlatformTestClassProcessor$CollectAllTestClassesExecutor.processAllTestClasses(JUnitPlatformTestClassProcessor.java:110)
	at org.gradle.api.internal.tasks.testing.junitplatform.JUnitPlatformTestClassProcessor$CollectAllTestClassesExecutor.access$000(JUnitPlatformTestClassProcessor.java:90)
	at org.gradle.api.internal.tasks.testing.junitplatform.JUnitPlatformTestClassProcessor.stop(JUnitPlatformTestClassProcessor.java:85)
	at org.gradle.api.internal.tasks.testing.SuiteTestClassProcessor.stop(SuiteTestClassProcessor.java:62)
	at java.base@17.0.8.1/jdk.internal.reflect.NativeMethodAccessorImpl.invoke0(Native Method)
	at java.base@17.0.8.1/jdk.internal.reflect.NativeMethodAccessorImpl.invoke(NativeMethodAccessorImpl.java:77)
	at java.base@17.0.8.1/jdk.internal.reflect.DelegatingMethodAccessorImpl.invoke(DelegatingMethodAccessorImpl.java:43)
	at java.base@17.0.8.1/java.lang.reflect.Method.invoke(Method.java:568)
	at org.gradle.internal.dispatch.ReflectionDispatch.dispatch(ReflectionDispatch.java:36)
	at org.gradle.internal.dispatch.ReflectionDispatch.dispatch(ReflectionDispatch.java:24)
	at org.gradle.internal.dispatch.ContextClassLoaderDispatch.dispatch(ContextClassLoaderDispatch.java:33)
	at org.gradle.internal.dispatch.ProxyDispatchAdapter$DispatchingInvocationHandler.invoke(ProxyDispatchAdapter.java:94)
	at jdk.proxy1/jdk.proxy1.$Proxy2.stop(Unknown Source)
	at org.gradle.api.internal.tasks.testing.worker.TestWorker$3.run(TestWorker.java:193)
	at org.gradle.api.internal.tasks.testing.worker.TestWorker.executeAndMaintainThreadName(TestWorker.java:129)
	at org.gradle.api.internal.tasks.testing.worker.TestWorker.execute(TestWorker.java:100)
	at org.gradle.api.internal.tasks.testing.worker.TestWorker.execute(TestWorker.java:60)
	at org.gradle.process.internal.worker.child.ActionExecutionWorker.execute(ActionExecutionWorker.java:56)
	at org.gradle.process.internal.worker.child.SystemApplicationClassLoaderWorker.call(SystemApplicationClassLoaderWorker.java:113)
	at org.gradle.process.internal.worker.child.SystemApplicationClassLoaderWorker.call(SystemApplicationClassLoaderWorker.java:65)
	at app//worker.org.gradle.process.internal.worker.GradleWorkerMain.run(GradleWorkerMain.java:69)
	at app//worker.org.gradle.process.internal.worker.GradleWorkerMain.main(GradleWorkerMain.java:74)
</failure>
  </testcase>
  <system-out><![CDATA[]]></system-out>
  <system-err><![CDATA[]]></system-err>
</testsuite>
